2020-01-26 13:24:58.7997 [DEBUG] Scene Fusion version 1.8.5-1
2020-01-26 13:25:23.7099 [DEBUG] Scene Fusion: A new version of Scene Fusion is available.
Current Version: 1.8.5
Latest Version: 1.8.6
2020-01-26 13:29:17.4088 [DEBUG] Scene Fusion version 1.8.5-1
2020-01-26 13:29:17.5408 [DEBUG] Play mode: True, sync in play mode: False
2020-01-26 13:29:23.9637 [DEBUG] Play mode: False
2020-01-26 13:29:52.4620 [DEBUG] Scene Fusion version 1.8.5-1
2020-01-26 13:29:52.5914 [DEBUG] Play mode: True, sync in play mode: False
2020-01-26 13:29:58.8019 [DEBUG] Play mode: False
2020-01-26 13:38:09.2174 [DEBUG] Scene Fusion version 1.8.5-1
2020-01-26 13:38:09.4100 [DEBUG] Play mode: True, sync in play mode: False
2020-01-26 13:38:11.7134 [DEBUG] Play mode: False
2020-01-26 13:38:18.6040 [DEBUG] Scene Fusion version 1.8.5-1
2020-01-26 13:38:18.8109 [DEBUG] Play mode: True, sync in play mode: False
2020-01-26 13:38:56.8316 [DEBUG] Play mode: False
2020-01-26 13:43:50.0785 [DEBUG] Scene Fusion version 1.8.5-1
2020-01-26 13:43:50.1847 [DEBUG] Play mode: True, sync in play mode: False
2020-01-26 13:44:24.5458 [DEBUG] Play mode: False
2020-01-26 13:47:22.9557 [DEBUG] Scene Fusion version 1.8.5-1
2020-01-26 13:47:23.3712 [DEBUG] Play mode: True, sync in play mode: False
2020-01-26 13:47:25.9853 [DEBUG] Play mode: False
2020-01-26 13:52:42.5490 [DEBUG] Scene Fusion version 1.8.5-1
2020-01-26 13:52:42.7390 [DEBUG] Play mode: True, sync in play mode: False
2020-01-26 13:54:50.4292 [DEBUG] Play mode: False
2020-01-26 13:56:37.6773 [DEBUG] Scene Fusion version 1.8.5-1
2020-01-26 13:56:37.9213 [DEBUG] Play mode: True, sync in play mode: False
2020-01-26 13:56:55.8946 [DEBUG] Play mode: False
2020-01-26 13:57:20.0973 [DEBUG] Scene Fusion version 1.8.5-1
2020-01-26 13:57:20.2422 [DEBUG] Play mode: True, sync in play mode: False
2020-01-26 13:57:35.5265 [DEBUG] Play mode: False
2020-01-26 14:03:17.6396 [DEBUG] Scene Fusion version 1.8.5-1
2020-01-26 14:03:17.8328 [DEBUG] Play mode: True, sync in play mode: False
2020-01-26 14:03:21.8096 [DEBUG] Play mode: False
2020-01-26 16:39:41.6558 [DEBUG] Scene Fusion version 1.8.5-1
2020-01-26 22:43:40.5171 [DEBUG] Scene Fusion version 1.8.5-1
