2020-01-22 00:27:12.5360 [DEBUG] Scene Fusion version 1.8.5-1
2020-01-22 00:27:12.8482 [DEBUG] Play mode: True, sync in play mode: False
2020-01-22 00:27:14.7512 [ERROR] MissingReferenceException: The object of type 'GameObject' has been destroyed but you are still trying to access it.
Your script should either check if it is null or you should not destroy the object.
UnityEngine.GameObject.GetComponent[T] () (at C:/buildslave/unity/build/Runtime/Export/GameObject.bindings.cs:28)
Attack.TakeDamage (UnityEngine.GameObject obj) (at Assets/Scripts/Attack.cs:44)
Attack.Update () (at Assets/Scripts/Attack.cs:19)

2020-01-22 00:27:18.0290 [DEBUG] Play mode: False
2020-01-22 00:27:27.6316 [DEBUG] Scene Fusion version 1.8.5-1
2020-01-22 00:27:27.8665 [DEBUG] Play mode: True, sync in play mode: False
2020-01-22 00:27:27.9733 [DEBUG] Refresh token (fB14jM5ROB65ecJkeXPFnzMTaF2AJ3prYUzn9jpPNL81gdbQ07SZeZbqRm860cqcak1GKlFcFtCMoDprFt4k0xbzPWKxIMsnBeacsUPxxz2n8mg9HhcnMMzPdTslLhJhIz134NihWpYsPAbfqBeawc2gjofbpA0ygj1ES4Nb6JZDFbIHXXM9kAlgkWcwp6C02X1putMYkOG9mlFwuHZwkp97SNcG4nF5JWh2UZjeloCkK029jfqQMLww4W7sELf) error: {"err":"Error: NameResolutionFailure"}
2020-01-22 00:27:29.8375 [ERROR] MissingReferenceException: The object of type 'GameObject' has been destroyed but you are still trying to access it.
Your script should either check if it is null or you should not destroy the object.
UnityEngine.GameObject.GetComponent[T] () (at C:/buildslave/unity/build/Runtime/Export/GameObject.bindings.cs:28)
Attack.TakeDamage (UnityEngine.GameObject obj) (at Assets/Scripts/Attack.cs:44)
Attack.Update () (at Assets/Scripts/Attack.cs:19)

2020-01-22 00:27:33.0216 [DEBUG] Play mode: False
2020-01-22 20:42:10.6242 [DEBUG] Scene Fusion version 1.8.5-1
2020-01-22 20:42:43.8941 [DEBUG] Scene Fusion: A new version of Scene Fusion is available.
Current Version: 1.8.5
Latest Version: 1.8.6
2020-01-22 20:46:19.2136 [DEBUG] Scene Fusion version 1.8.5-1
2020-01-22 20:46:19.3628 [DEBUG] Play mode: True, sync in play mode: False
2020-01-22 20:46:29.0665 [DEBUG] Play mode: False
2020-01-22 20:50:28.9233 [DEBUG] Scene Fusion version 1.8.5-1
2020-01-22 20:52:59.5344 [DEBUG] Scene Fusion version 1.8.5-1
2020-01-22 20:55:24.4324 [DEBUG] Scene Fusion version 1.8.5-1
2020-01-22 20:58:09.7596 [DEBUG] Scene Fusion version 1.8.5-1
2020-01-22 20:58:10.0179 [DEBUG] Play mode: True, sync in play mode: False
2020-01-22 20:58:14.0944 [DEBUG] Play mode: False
2020-01-22 21:01:05.3262 [DEBUG] Scene Fusion version 1.8.5-1
2020-01-22 21:01:34.4828 [DEBUG] Scene Fusion version 1.8.5-1
2020-01-22 21:06:34.5036 [DEBUG] Scene Fusion version 1.8.5-1
2020-01-22 21:06:47.0229 [DEBUG] Scene Fusion version 1.8.5-1
2020-01-22 21:06:54.8175 [DEBUG] Scene Fusion version 1.8.5-1
2020-01-22 21:06:59.4796 [DEBUG] Scene Fusion version 1.8.5-1
2020-01-22 21:07:10.4954 [DEBUG] Scene Fusion version 1.8.5-1
2020-01-22 21:07:24.5635 [DEBUG] Scene Fusion version 1.8.5-1
2020-01-22 21:07:35.9696 [DEBUG] Scene Fusion version 1.8.5-1
2020-01-22 21:09:34.9397 [DEBUG] Scene Fusion version 1.8.5-1
2020-01-22 21:09:35.0794 [DEBUG] Play mode: True, sync in play mode: False
2020-01-22 21:19:25.8649 [DEBUG] Play mode: False
2020-01-22 21:19:37.6811 [DEBUG] Scene Fusion version 1.8.5-1
2020-01-22 21:19:37.9085 [DEBUG] Play mode: True, sync in play mode: False
2020-01-22 21:19:40.7202 [DEBUG] Play mode: False
2020-01-22 21:20:59.5319 [DEBUG] Scene Fusion version 1.8.5-1
2020-01-22 21:20:59.6695 [DEBUG] Play mode: True, sync in play mode: False
2020-01-22 21:21:07.9396 [DEBUG] Play mode: False
2020-01-22 21:24:35.4166 [DEBUG] Scene Fusion version 1.8.5-1
2020-01-22 21:24:35.5901 [DEBUG] Play mode: True, sync in play mode: False
2020-01-22 21:24:58.2514 [DEBUG] Play mode: False
2020-01-22 21:25:24.9295 [DEBUG] Scene Fusion version 1.8.5-1
2020-01-22 21:25:25.0860 [DEBUG] Play mode: True, sync in play mode: False
2020-01-22 21:26:01.7532 [DEBUG] Scene Fusion version 1.8.5-1
2020-01-22 21:26:07.6447 [ERROR] MissingReferenceException: The object of type 'GameObject' has been destroyed but you are still trying to access it.
Your script should either check if it is null or you should not destroy the object.
UnityEngine.GameObject.GetComponent[T] () (at C:/buildslave/unity/build/Runtime/Export/GameObject.bindings.cs:28)
Attack.TakeDamage (UnityEngine.GameObject obj) (at Assets/Scripts/Attack.cs:44)
Attack.Update () (at Assets/Scripts/Attack.cs:19)

2020-01-22 21:26:21.2966 [DEBUG] Play mode: False
2020-01-22 21:37:11.2226 [DEBUG] Scene Fusion version 1.8.5-1
2020-01-22 21:41:30.4790 [DEBUG] Scene Fusion version 1.8.5-1
2020-01-22 21:44:46.7126 [DEBUG] Scene Fusion version 1.8.5-1
2020-01-22 21:44:46.8348 [DEBUG] Play mode: True, sync in play mode: False
2020-01-22 21:45:35.7239 [DEBUG] Play mode: False
2020-01-22 21:48:46.6160 [DEBUG] Scene Fusion version 1.8.5-1
2020-01-22 21:49:01.1958 [DEBUG] Scene Fusion version 1.8.5-1
2020-01-22 21:53:54.2383 [DEBUG] Scene Fusion version 1.8.5-1
2020-01-22 21:54:57.7032 [DEBUG] Scene Fusion version 1.8.5-1
2020-01-22 21:54:57.8518 [DEBUG] Play mode: True, sync in play mode: False
2020-01-22 21:55:43.7090 [DEBUG] Play mode: False
2020-01-22 23:03:22.5581 [DEBUG] Refresh token (cpgwD9ZYDXGIXD4aPUrd8pzjJdFQK4elDaSGeAab4JhEPwIS6pwRHwXz7TOtlY0YSD4f5etblz18HrMF2qakGmhnunYNw0g130tlBMjnyswFc5iUow0PKkjecq3LeD88ZxdLILMzcKcGk7wL3h1fPModd7k4rpb2wloigp4ahPTgNCHgJiuS7WaNtHk5I4u1kzC7gNKcUwh7cx5wNNsinod69qNY1jFfFQoYff5OOnENiho37iIQ1PNLo5RICtl) error: {"err":"Error: ConnectFailure (A connection attempt failed because the connected party did not properly respond after a period of time, or established connection failed because connected host has failed to respond.\r\n)"}
