2020-01-09 22:24:08.3588 [DEBUG] Validating model...
2020-01-09 22:24:08.6590 [DEBUG] Connection failed. (111730:SceneFusion:SceneFusion)
2020-01-09 22:24:08.6760 [WARNING] Connection failed: RESET, retrying...
2020-01-09 22:24:08.6760 [DEBUG] Connection failed. (111730:SceneFusion:SceneFusion)
2020-01-09 22:24:08.6770 [WARNING] Connection failed: UNKNOWN_ERROR, retrying...
2020-01-09 22:24:10.6630 [DEBUG] Connecting to room (111730:SceneFusion:SceneFusion) via TCP at roommanager-ec2-35-164-71-216.kinematicsoup.com:443
2020-01-09 22:24:10.8790 [DEBUG] Validating model...
2020-01-09 22:24:11.1870 [DEBUG] Connection failed. (111730:SceneFusion:SceneFusion)
2020-01-09 22:24:11.1950 [WARNING] Connection failed: RESET, retrying...
2020-01-09 22:24:11.1970 [WARNING] Connection failed: RESET, retrying...
2020-01-09 22:24:11.1970 [DEBUG] Connection failed. (111730:SceneFusion:SceneFusion)
2020-01-09 22:24:11.1980 [WARNING] Connection failed: UNKNOWN_ERROR, retrying...
2020-01-09 22:24:11.2001 [WARNING] Connection failed: UNKNOWN_ERROR, retrying...
2020-01-09 22:24:13.1841 [DEBUG] Connecting to room (111730:SceneFusion:SceneFusion) via TCP at roommanager-ec2-35-164-71-216.kinematicsoup.com:80
2020-01-09 22:24:13.4011 [DEBUG] Validating model...
2020-01-09 22:24:13.7031 [DEBUG] Connection failed. (111730:SceneFusion:SceneFusion)
2020-01-09 22:24:13.7071 [WARNING] Connection failed: RESET, retrying...
2020-01-09 22:24:13.7091 [WARNING] Connection failed: RESET, retrying...
2020-01-09 22:24:13.7111 [WARNING] Connection failed: RESET, retrying...
2020-01-09 22:24:13.7111 [DEBUG] Connection failed. (111730:SceneFusion:SceneFusion)
2020-01-09 22:24:13.7121 [WARNING] Connection failed: UNKNOWN_ERROR, retrying...
2020-01-09 22:24:13.7142 [WARNING] Connection failed: UNKNOWN_ERROR, retrying...
2020-01-09 22:24:13.7151 [WARNING] Connection failed: UNKNOWN_ERROR, retrying...
2020-01-09 22:24:15.7008 [DEBUG] Connecting to room (111730:SceneFusion:SceneFusion) via TCP at roommanager-ec2-35-164-71-216.kinematicsoup.com:1473
2020-01-09 22:24:36.6456 [DEBUG] Cancelled connection
2020-01-09 22:24:36.6456 [DEBUG] Aborting connection attempt for room (111730:SceneFusion:SceneFusion)
2020-01-09 22:24:36.6466 [DEBUG] Connection attempt aborted. (111730:SceneFusion:SceneFusion)
2020-01-09 22:24:36.6476 [DEBUG] Connection failed. (111730:SceneFusion:SceneFusion)
2020-01-09 22:24:36.6816 [ERROR] Connection failed: RESET
