2020-01-09 22:35:13.5228 [DEBUG] Validating model...
2020-01-09 22:35:13.7338 [DEBUG] Model updated
2020-01-09 22:35:13.7338 [DEBUG] Authenticating with server...
2020-01-09 22:35:14.3395 [DEBUG] Connected to room. (111737:SceneFusion:SceneFusion)
2020-01-09 22:35:14.3605 [INFO] Connected to server.
2020-01-09 22:35:14.3615 [DEBUG] OS : Microsoft Windows NT 10.0.18362.0
2020-01-09 22:35:14.3615 [DEBUG] Unity Version : 2018.4.13f1
2020-01-09 22:35:14.3615 [DEBUG] Pro License : False
2020-01-09 22:35:14.3615 [DEBUG] Platform : WindowsEditor
2020-01-09 22:35:14.3625 [DEBUG] Build Target : StandaloneWindows64
2020-01-09 22:35:14.3625 [DEBUG] Scene Fusion version : 1.8.5
2020-01-09 22:35:14.3625 [DEBUG] Scene Fusion client build : 1
2020-01-09 22:35:14.3625 [DEBUG] User : BDDimitrov18@codingburgas.bg
2020-01-09 22:35:14.3625 [DEBUG] Waiting for server response
2020-01-09 22:35:14.4375 [DEBUG] Tier: Free, Permissions: 00000200
2020-01-09 22:35:14.4375 [DEBUG] User Permissions: FFFFFFFF
2020-01-09 22:35:14.4395 [DEBUG] No stand-in for UnityEngine.LocalizationAsset
2020-01-09 22:35:14.4395 [DEBUG] No stand-in for UnityEngine.ProceduralMaterial
2020-01-09 22:35:14.4395 [DEBUG] No stand-in for UnityEngine.ProceduralTexture
2020-01-09 22:35:14.4405 [DEBUG] No stand-in for UnityEngine.TerrainLayer
2020-01-09 22:35:14.4405 [DEBUG] No stand-in for UnityEngine.Experimental.VFX.VisualEffectAsset
2020-01-09 22:35:14.7248 [DEBUG] Uploading scene 'SampleScene'
2020-01-09 22:35:14.8328 [DEBUG] Compressing scene data
2020-01-09 22:35:14.9967 [DEBUG] Spawn request. (Objects: 48)
2020-01-09 22:35:15.3297 [DEBUG] Loading complete
2020-01-09 22:41:40.3044 [DEBUG] Disconnecting from room (111737:SceneFusion:SceneFusion)
2020-01-09 22:41:40.3094 [INFO] Disconnected from server.
2020-01-09 22:41:40.3094 [DEBUG] Disconnect. (Duration: 385)
