2020-01-09 22:47:08.2671 [DEBUG] Validating model...
2020-01-09 22:47:08.4705 [DEBUG] Model updated
2020-01-09 22:47:08.4705 [DEBUG] Authenticating with server...
2020-01-09 22:47:09.0139 [DEBUG] Connected to room. (111740:SceneFusion:SceneFusion)
2020-01-09 22:47:09.0189 [INFO] Connected to server.
2020-01-09 22:47:09.0189 [DEBUG] OS : Microsoft Windows NT 10.0.18362.0
2020-01-09 22:47:09.0189 [DEBUG] Unity Version : 2018.4.13f1
2020-01-09 22:47:09.0189 [DEBUG] Pro License : False
2020-01-09 22:47:09.0189 [DEBUG] Platform : WindowsEditor
2020-01-09 22:47:09.0199 [DEBUG] Build Target : StandaloneWindows64
2020-01-09 22:47:09.0199 [DEBUG] Scene Fusion version : 1.8.5
2020-01-09 22:47:09.0199 [DEBUG] Scene Fusion client build : 1
2020-01-09 22:47:09.0199 [DEBUG] User : BDDimitrov18@codingburgas.bg
2020-01-09 22:47:09.0209 [DEBUG] Waiting for server response
2020-01-09 22:47:09.0489 [DEBUG] Tier: Free, Permissions: 00000200
2020-01-09 22:47:09.0489 [DEBUG] User Permissions: FFFFFFFF
2020-01-09 22:47:09.0509 [DEBUG] No stand-in for UnityEngine.LocalizationAsset
2020-01-09 22:47:09.0509 [DEBUG] No stand-in for UnityEngine.ProceduralMaterial
2020-01-09 22:47:09.0519 [DEBUG] No stand-in for UnityEngine.ProceduralTexture
2020-01-09 22:47:09.0519 [DEBUG] No stand-in for UnityEngine.TerrainLayer
2020-01-09 22:47:09.0519 [DEBUG] No stand-in for UnityEngine.Experimental.VFX.VisualEffectAsset
2020-01-09 22:47:09.3579 [DEBUG] Uploading scene 'SampleScene'
2020-01-09 22:47:09.4769 [DEBUG] Compressing scene data
2020-01-09 22:47:09.6559 [DEBUG] Spawn request. (Objects: 48)
2020-01-09 22:47:09.9541 [DEBUG] Loading complete
2020-01-09 22:48:27.4218 [DEBUG] Disconnecting from room (111740:SceneFusion:SceneFusion)
2020-01-09 22:48:27.4268 [INFO] Disconnected from server.
2020-01-09 22:48:27.4268 [DEBUG] Disconnect. (Duration: 78)
