2020-01-11 19:10:30.8645 [DEBUG] Validating model...
2020-01-11 19:10:31.0700 [DEBUG] Model updated
2020-01-11 19:10:31.0720 [DEBUG] Authenticating with server...
2020-01-11 19:10:31.4071 [DEBUG] Connected to room. (111881:SceneFusion:SceneFusion)
2020-01-11 19:10:31.4390 [INFO] Connected to server.
2020-01-11 19:10:31.4400 [DEBUG] OS : Microsoft Windows NT 10.0.18362.0
2020-01-11 19:10:31.4410 [DEBUG] Unity Version : 2018.4.13f1
2020-01-11 19:10:31.4410 [DEBUG] Pro License : False
2020-01-11 19:10:31.4410 [DEBUG] Platform : WindowsEditor
2020-01-11 19:10:31.4410 [DEBUG] Build Target : StandaloneWindows64
2020-01-11 19:10:31.4410 [DEBUG] Scene Fusion version : 1.8.5
2020-01-11 19:10:31.4420 [DEBUG] Scene Fusion client build : 1
2020-01-11 19:10:31.4420 [DEBUG] User : tonislavchev2004@gmail.com
2020-01-11 19:10:31.4420 [DEBUG] Waiting for server response
2020-01-11 19:10:31.6534 [DEBUG] Tier: Free, Permissions: 00000200
2020-01-11 19:10:31.6534 [DEBUG] User Permissions: FFFFFFFF
2020-01-11 19:10:31.8270 [DEBUG] No stand-in for UnityEngine.LocalizationAsset
2020-01-11 19:10:31.8270 [DEBUG] No stand-in for UnityEngine.ProceduralMaterial
2020-01-11 19:10:31.8270 [DEBUG] No stand-in for UnityEngine.ProceduralTexture
2020-01-11 19:10:31.8280 [DEBUG] No stand-in for UnityEngine.TerrainLayer
2020-01-11 19:10:31.8280 [DEBUG] No stand-in for UnityEngine.Experimental.VFX.VisualEffectAsset
2020-01-11 19:10:32.7286 [DEBUG] Loading complete
2020-01-11 19:10:32.8713 [DEBUG] Spawn request. (Objects: 1)
2020-01-11 19:10:40.2626 [DEBUG] Disconnecting temporarily to enter play mode.
2020-01-11 19:10:40.2636 [DEBUG] Disconnecting from room (111881:SceneFusion:SceneFusion)
2020-01-11 19:10:40.2666 [INFO] Disconnected from server.
2020-01-11 19:10:40.2676 [DEBUG] Disconnect. (Duration: 8)
2020-01-11 19:10:40.4174 [INFO] Static batching in play mode is not supported in a Scene Fusion session and will be temporarily disabled.
2020-01-11 19:10:44.4184 [DEBUG] Scene Fusion version 1.8.5-1
2020-01-11 19:10:44.5809 [DEBUG] Play mode: True, sync in play mode: False
2020-01-11 19:10:44.8910 [DEBUG] Connecting to room (111881:SceneFusion:SceneFusion) via TCP at roommanager-ec2-35-164-71-216.kinematicsoup.com:21312
2020-01-11 19:10:44.8980 [DEBUG] Guest connection. (Session: 111881)
2020-01-11 19:10:45.1045 [DEBUG] Validating model...
2020-01-11 19:10:45.3091 [DEBUG] Model updated
2020-01-11 19:10:45.3101 [DEBUG] Authenticating with server...
2020-01-11 19:10:45.5580 [DEBUG] Connected to room. (111881:SceneFusion:SceneFusion)
2020-01-11 19:10:45.5800 [INFO] Connected to server.
2020-01-11 19:10:45.5800 [DEBUG] OS : Microsoft Windows NT 10.0.18362.0
2020-01-11 19:10:45.5800 [DEBUG] Unity Version : 2018.4.13f1
2020-01-11 19:10:45.5800 [DEBUG] Pro License : False
2020-01-11 19:10:45.5810 [DEBUG] Platform : WindowsEditor
2020-01-11 19:10:45.5810 [DEBUG] Build Target : StandaloneWindows64
2020-01-11 19:10:45.5810 [DEBUG] Scene Fusion version : 1.8.5
2020-01-11 19:10:45.5810 [DEBUG] Scene Fusion client build : 1
2020-01-11 19:10:45.5810 [DEBUG] User : tonislavchev2004@gmail.com
2020-01-11 19:10:45.7525 [DEBUG] Tier: Free, Permissions: 00000200
2020-01-11 19:10:45.7535 [DEBUG] User Permissions: FFFFFFFF
2020-01-11 19:10:45.9749 [DEBUG] No stand-in for UnityEngine.LocalizationAsset
2020-01-11 19:10:45.9749 [DEBUG] No stand-in for UnityEngine.ProceduralMaterial
2020-01-11 19:10:45.9749 [DEBUG] No stand-in for UnityEngine.ProceduralTexture
2020-01-11 19:10:45.9749 [DEBUG] No stand-in for UnityEngine.TerrainLayer
2020-01-11 19:10:45.9749 [DEBUG] No stand-in for UnityEngine.Experimental.VFX.VisualEffectAsset
2020-01-11 19:10:57.8428 [DEBUG] Play mode: False
2020-01-11 19:10:58.0685 [DEBUG] Loading complete
2020-01-11 19:11:49.0747 [DEBUG] Disconnecting from room (111881:SceneFusion:SceneFusion)
2020-01-11 19:11:49.0827 [INFO] Disconnected from server.
2020-01-11 19:11:49.0827 [DEBUG] Disconnect. (Duration: 51)
