2020-01-09 22:57:01.6917 [DEBUG] Validating model...
2020-01-09 22:57:01.9308 [DEBUG] Model updated
2020-01-09 22:57:01.9308 [DEBUG] Authenticating with server...
2020-01-09 22:57:02.6228 [DEBUG] Connected to room. (111745:SceneFusion:SceneFusion)
2020-01-09 22:57:02.6279 [INFO] Connected to server.
2020-01-09 22:57:02.6289 [DEBUG] OS : Microsoft Windows NT 10.0.18362.0
2020-01-09 22:57:02.6289 [DEBUG] Unity Version : 2018.4.13f1
2020-01-09 22:57:02.6289 [DEBUG] Pro License : False
2020-01-09 22:57:02.6299 [DEBUG] Platform : WindowsEditor
2020-01-09 22:57:02.6299 [DEBUG] Build Target : StandaloneWindows64
2020-01-09 22:57:02.6299 [DEBUG] Scene Fusion version : 1.8.5
2020-01-09 22:57:02.6299 [DEBUG] Scene Fusion client build : 1
2020-01-09 22:57:02.6309 [DEBUG] User : BDDimitrov18@codingburgas.bg
2020-01-09 22:57:02.6309 [DEBUG] Waiting for server response
2020-01-09 22:57:02.7998 [DEBUG] Tier: Free, Permissions: 00000200
2020-01-09 22:57:02.7998 [DEBUG] User Permissions: FFFFFFFF
2020-01-09 22:57:03.1742 [DEBUG] No stand-in for UnityEngine.LocalizationAsset
2020-01-09 22:57:03.1742 [DEBUG] No stand-in for UnityEngine.ProceduralMaterial
2020-01-09 22:57:03.1742 [DEBUG] No stand-in for UnityEngine.ProceduralTexture
2020-01-09 22:57:03.1742 [DEBUG] No stand-in for UnityEngine.TerrainLayer
2020-01-09 22:57:03.1751 [DEBUG] No stand-in for UnityEngine.Experimental.VFX.VisualEffectAsset
2020-01-09 22:57:03.6350 [DEBUG] Uploading scene 'SampleScene'
2020-01-09 22:57:03.8970 [DEBUG] Compressing scene data
2020-01-09 22:57:04.0660 [DEBUG] Spawn request. (Objects: 48)
2020-01-09 22:57:04.4040 [DEBUG] Loading complete
2020-01-09 22:58:22.9136 [DEBUG] Disconnecting from room (111745:SceneFusion:SceneFusion)
2020-01-09 22:58:22.9217 [INFO] Disconnected from server.
2020-01-09 22:58:22.9217 [DEBUG] Disconnect. (Duration: 80)
