2020-01-24 18:22:23.2018 [DEBUG] Scene Fusion version 1.8.5-1
2020-01-24 18:22:23.6007 [DEBUG] Play mode: True, sync in play mode: False
2020-01-24 18:22:24.7198 [DEBUG] Refresh token () error: {"err":"Invalid token"}
2020-01-24 18:22:26.4327 [ERROR] NullReferenceException: Object reference not set to an instance of an object
Bullet.OnTriggerEnter2D (UnityEngine.Collider2D other) (at Assets/Scripts/Bullet.cs:25)

2020-01-24 18:22:26.4347 [ERROR] NullReferenceException: Object reference not set to an instance of an object
Bullet.OnTriggerEnter2D (UnityEngine.Collider2D other) (at Assets/Scripts/Bullet.cs:35)

2020-01-24 18:22:26.5617 [ERROR] NullReferenceException: Object reference not set to an instance of an object
Bullet.OnTriggerEnter2D (UnityEngine.Collider2D other) (at Assets/Scripts/Bullet.cs:25)

2020-01-24 18:22:26.5627 [ERROR] NullReferenceException: Object reference not set to an instance of an object
Bullet.OnTriggerEnter2D (UnityEngine.Collider2D other) (at Assets/Scripts/Bullet.cs:35)

2020-01-24 18:22:26.8367 [ERROR] NullReferenceException: Object reference not set to an instance of an object
Bullet.OnTriggerEnter2D (UnityEngine.Collider2D other) (at Assets/Scripts/Bullet.cs:25)

2020-01-24 18:22:26.8377 [ERROR] NullReferenceException: Object reference not set to an instance of an object
Bullet.OnTriggerEnter2D (UnityEngine.Collider2D other) (at Assets/Scripts/Bullet.cs:35)

2020-01-24 18:22:27.2477 [ERROR] NullReferenceException: Object reference not set to an instance of an object
Bullet.OnTriggerEnter2D (UnityEngine.Collider2D other) (at Assets/Scripts/Bullet.cs:35)

2020-01-24 18:22:27.2488 [ERROR] NullReferenceException: Object reference not set to an instance of an object
Bullet.OnTriggerEnter2D (UnityEngine.Collider2D other) (at Assets/Scripts/Bullet.cs:25)

2020-01-24 18:22:27.3528 [ERROR] NullReferenceException: Object reference not set to an instance of an object
Bullet.OnTriggerEnter2D (UnityEngine.Collider2D other) (at Assets/Scripts/Bullet.cs:25)

2020-01-24 18:22:27.3538 [ERROR] NullReferenceException: Object reference not set to an instance of an object
Bullet.OnTriggerEnter2D (UnityEngine.Collider2D other) (at Assets/Scripts/Bullet.cs:35)

2020-01-24 18:22:27.4907 [ERROR] NullReferenceException: Object reference not set to an instance of an object
Bullet.OnTriggerEnter2D (UnityEngine.Collider2D other) (at Assets/Scripts/Bullet.cs:25)

2020-01-24 18:22:27.4917 [ERROR] NullReferenceException: Object reference not set to an instance of an object
Bullet.OnTriggerEnter2D (UnityEngine.Collider2D other) (at Assets/Scripts/Bullet.cs:35)

2020-01-24 18:22:27.6617 [ERROR] NullReferenceException: Object reference not set to an instance of an object
Bullet.OnTriggerEnter2D (UnityEngine.Collider2D other) (at Assets/Scripts/Bullet.cs:25)

2020-01-24 18:22:27.6627 [ERROR] NullReferenceException: Object reference not set to an instance of an object
Bullet.OnTriggerEnter2D (UnityEngine.Collider2D other) (at Assets/Scripts/Bullet.cs:35)

2020-01-24 18:22:27.7997 [ERROR] NullReferenceException: Object reference not set to an instance of an object
Bullet.OnTriggerEnter2D (UnityEngine.Collider2D other) (at Assets/Scripts/Bullet.cs:25)

2020-01-24 18:22:27.8007 [ERROR] NullReferenceException: Object reference not set to an instance of an object
Bullet.OnTriggerEnter2D (UnityEngine.Collider2D other) (at Assets/Scripts/Bullet.cs:35)

2020-01-24 18:22:27.9367 [ERROR] NullReferenceException: Object reference not set to an instance of an object
Bullet.OnTriggerEnter2D (UnityEngine.Collider2D other) (at Assets/Scripts/Bullet.cs:25)

2020-01-24 18:22:27.9377 [ERROR] NullReferenceException: Object reference not set to an instance of an object
Bullet.OnTriggerEnter2D (UnityEngine.Collider2D other) (at Assets/Scripts/Bullet.cs:35)

2020-01-24 18:22:28.0747 [ERROR] NullReferenceException: Object reference not set to an instance of an object
Bullet.OnTriggerEnter2D (UnityEngine.Collider2D other) (at Assets/Scripts/Bullet.cs:25)

2020-01-24 18:22:28.0757 [ERROR] NullReferenceException: Object reference not set to an instance of an object
Bullet.OnTriggerEnter2D (UnityEngine.Collider2D other) (at Assets/Scripts/Bullet.cs:35)

2020-01-24 18:22:28.4858 [ERROR] NullReferenceException: Object reference not set to an instance of an object
Bullet.OnTriggerEnter2D (UnityEngine.Collider2D other) (at Assets/Scripts/Bullet.cs:35)

2020-01-24 18:22:28.4868 [ERROR] NullReferenceException: Object reference not set to an instance of an object
Bullet.OnTriggerEnter2D (UnityEngine.Collider2D other) (at Assets/Scripts/Bullet.cs:25)

2020-01-24 18:22:29.9307 [ERROR] NullReferenceException: Object reference not set to an instance of an object
Bullet.OnTriggerEnter2D (UnityEngine.Collider2D other) (at Assets/Scripts/Bullet.cs:25)

2020-01-24 18:22:29.9317 [ERROR] NullReferenceException: Object reference not set to an instance of an object
Bullet.OnTriggerEnter2D (UnityEngine.Collider2D other) (at Assets/Scripts/Bullet.cs:35)

2020-01-24 18:22:30.0347 [ERROR] NullReferenceException: Object reference not set to an instance of an object
Bullet.OnTriggerEnter2D (UnityEngine.Collider2D other) (at Assets/Scripts/Bullet.cs:25)

2020-01-24 18:22:30.0357 [ERROR] NullReferenceException: Object reference not set to an instance of an object
Bullet.OnTriggerEnter2D (UnityEngine.Collider2D other) (at Assets/Scripts/Bullet.cs:35)

2020-01-24 18:22:30.3437 [ERROR] NullReferenceException: Object reference not set to an instance of an object
Bullet.OnTriggerEnter2D (UnityEngine.Collider2D other) (at Assets/Scripts/Bullet.cs:25)

2020-01-24 18:22:30.3447 [ERROR] NullReferenceException: Object reference not set to an instance of an object
Bullet.OnTriggerEnter2D (UnityEngine.Collider2D other) (at Assets/Scripts/Bullet.cs:35)

2020-01-24 18:22:30.4817 [ERROR] NullReferenceException: Object reference not set to an instance of an object
Bullet.OnTriggerEnter2D (UnityEngine.Collider2D other) (at Assets/Scripts/Bullet.cs:25)

2020-01-24 18:22:30.4827 [ERROR] NullReferenceException: Object reference not set to an instance of an object
Bullet.OnTriggerEnter2D (UnityEngine.Collider2D other) (at Assets/Scripts/Bullet.cs:35)

2020-01-24 18:22:32.3377 [ERROR] NullReferenceException: Object reference not set to an instance of an object
Bullet.OnTriggerEnter2D (UnityEngine.Collider2D other) (at Assets/Scripts/Bullet.cs:25)

2020-01-24 18:22:32.3387 [ERROR] NullReferenceException: Object reference not set to an instance of an object
Bullet.OnTriggerEnter2D (UnityEngine.Collider2D other) (at Assets/Scripts/Bullet.cs:35)

2020-01-24 18:22:32.7167 [ERROR] NullReferenceException: Object reference not set to an instance of an object
Bullet.OnTriggerEnter2D (UnityEngine.Collider2D other) (at Assets/Scripts/Bullet.cs:25)

2020-01-24 18:22:32.7177 [ERROR] NullReferenceException: Object reference not set to an instance of an object
Bullet.OnTriggerEnter2D (UnityEngine.Collider2D other) (at Assets/Scripts/Bullet.cs:35)

2020-01-24 18:22:32.7507 [ERROR] NullReferenceException: Object reference not set to an instance of an object
Bullet.OnTriggerEnter2D (UnityEngine.Collider2D other) (at Assets/Scripts/Bullet.cs:35)

2020-01-24 18:22:32.7527 [ERROR] NullReferenceException: Object reference not set to an instance of an object
Bullet.OnTriggerEnter2D (UnityEngine.Collider2D other) (at Assets/Scripts/Bullet.cs:25)

2020-01-24 18:22:32.9227 [ERROR] NullReferenceException: Object reference not set to an instance of an object
Bullet.OnTriggerEnter2D (UnityEngine.Collider2D other) (at Assets/Scripts/Bullet.cs:25)

2020-01-24 18:22:32.9237 [ERROR] NullReferenceException: Object reference not set to an instance of an object
Bullet.OnTriggerEnter2D (UnityEngine.Collider2D other) (at Assets/Scripts/Bullet.cs:35)

2020-01-24 18:22:33.1297 [ERROR] NullReferenceException: Object reference not set to an instance of an object
Bullet.OnTriggerEnter2D (UnityEngine.Collider2D other) (at Assets/Scripts/Bullet.cs:25)

2020-01-24 18:22:33.1307 [ERROR] NullReferenceException: Object reference not set to an instance of an object
Bullet.OnTriggerEnter2D (UnityEngine.Collider2D other) (at Assets/Scripts/Bullet.cs:35)

2020-01-24 18:22:33.5417 [ERROR] NullReferenceException: Object reference not set to an instance of an object
Bullet.OnTriggerEnter2D (UnityEngine.Collider2D other) (at Assets/Scripts/Bullet.cs:25)

2020-01-24 18:22:33.5427 [ERROR] NullReferenceException: Object reference not set to an instance of an object
Bullet.OnTriggerEnter2D (UnityEngine.Collider2D other) (at Assets/Scripts/Bullet.cs:35)

2020-01-24 18:22:33.5747 [ERROR] NullReferenceException: Object reference not set to an instance of an object
Bullet.OnTriggerEnter2D (UnityEngine.Collider2D other) (at Assets/Scripts/Bullet.cs:35)

2020-01-24 18:22:33.5767 [ERROR] NullReferenceException: Object reference not set to an instance of an object
Bullet.OnTriggerEnter2D (UnityEngine.Collider2D other) (at Assets/Scripts/Bullet.cs:25)

2020-01-24 18:22:33.6787 [ERROR] NullReferenceException: Object reference not set to an instance of an object
Bullet.OnTriggerEnter2D (UnityEngine.Collider2D other) (at Assets/Scripts/Bullet.cs:25)

2020-01-24 18:22:33.6797 [ERROR] NullReferenceException: Object reference not set to an instance of an object
Bullet.OnTriggerEnter2D (UnityEngine.Collider2D other) (at Assets/Scripts/Bullet.cs:35)

2020-01-24 18:22:33.8167 [ERROR] NullReferenceException: Object reference not set to an instance of an object
Bullet.OnTriggerEnter2D (UnityEngine.Collider2D other) (at Assets/Scripts/Bullet.cs:25)

2020-01-24 18:22:33.8177 [ERROR] NullReferenceException: Object reference not set to an instance of an object
Bullet.OnTriggerEnter2D (UnityEngine.Collider2D other) (at Assets/Scripts/Bullet.cs:35)

2020-01-24 18:22:33.9547 [ERROR] NullReferenceException: Object reference not set to an instance of an object
Bullet.OnTriggerEnter2D (UnityEngine.Collider2D other) (at Assets/Scripts/Bullet.cs:35)

2020-01-24 18:22:33.9557 [ERROR] NullReferenceException: Object reference not set to an instance of an object
Bullet.OnTriggerEnter2D (UnityEngine.Collider2D other) (at Assets/Scripts/Bullet.cs:25)

2020-01-24 18:22:34.0917 [ERROR] NullReferenceException: Object reference not set to an instance of an object
Bullet.OnTriggerEnter2D (UnityEngine.Collider2D other) (at Assets/Scripts/Bullet.cs:35)

2020-01-24 18:22:34.0927 [ERROR] NullReferenceException: Object reference not set to an instance of an object
Bullet.OnTriggerEnter2D (UnityEngine.Collider2D other) (at Assets/Scripts/Bullet.cs:25)

2020-01-24 18:22:34.2297 [ERROR] NullReferenceException: Object reference not set to an instance of an object
Bullet.OnTriggerEnter2D (UnityEngine.Collider2D other) (at Assets/Scripts/Bullet.cs:25)

2020-01-24 18:22:34.2308 [ERROR] NullReferenceException: Object reference not set to an instance of an object
Bullet.OnTriggerEnter2D (UnityEngine.Collider2D other) (at Assets/Scripts/Bullet.cs:35)

2020-01-24 18:22:37.6329 [ERROR] NullReferenceException: Object reference not set to an instance of an object
Bullet.OnTriggerEnter2D (UnityEngine.Collider2D other) (at Assets/Scripts/Bullet.cs:25)

2020-01-24 18:22:37.6349 [ERROR] NullReferenceException: Object reference not set to an instance of an object
Bullet.OnTriggerEnter2D (UnityEngine.Collider2D other) (at Assets/Scripts/Bullet.cs:35)

2020-01-24 18:22:37.7350 [ERROR] NullReferenceException: Object reference not set to an instance of an object
Bullet.OnTriggerEnter2D (UnityEngine.Collider2D other) (at Assets/Scripts/Bullet.cs:25)

2020-01-24 18:22:37.7360 [ERROR] NullReferenceException: Object reference not set to an instance of an object
Bullet.OnTriggerEnter2D (UnityEngine.Collider2D other) (at Assets/Scripts/Bullet.cs:35)

2020-01-24 18:22:41.8756 [DEBUG] Play mode: False
2020-01-24 18:23:07.5677 [DEBUG] Scene Fusion version 1.8.5-1
2020-01-24 18:23:07.7917 [DEBUG] Play mode: True, sync in play mode: False
2020-01-24 18:23:08.8876 [DEBUG] Refresh token () error: {"err":"Invalid token"}
2020-01-24 18:23:09.6617 [ERROR] NullReferenceException: Object reference not set to an instance of an object
Bullet.OnTriggerEnter2D (UnityEngine.Collider2D other) (at Assets/Scripts/Bullet.cs:25)

2020-01-24 18:23:09.6637 [ERROR] NullReferenceException: Object reference not set to an instance of an object
Bullet.OnTriggerEnter2D (UnityEngine.Collider2D other) (at Assets/Scripts/Bullet.cs:35)

2020-01-24 18:23:09.9256 [ERROR] NullReferenceException: Object reference not set to an instance of an object
Bullet.OnTriggerEnter2D (UnityEngine.Collider2D other) (at Assets/Scripts/Bullet.cs:25)

2020-01-24 18:23:09.9266 [ERROR] NullReferenceException: Object reference not set to an instance of an object
Bullet.OnTriggerEnter2D (UnityEngine.Collider2D other) (at Assets/Scripts/Bullet.cs:35)

2020-01-24 18:23:10.0386 [ERROR] NullReferenceException: Object reference not set to an instance of an object
Bullet.OnTriggerEnter2D (UnityEngine.Collider2D other) (at Assets/Scripts/Bullet.cs:25)

2020-01-24 18:23:10.0396 [ERROR] NullReferenceException: Object reference not set to an instance of an object
Bullet.OnTriggerEnter2D (UnityEngine.Collider2D other) (at Assets/Scripts/Bullet.cs:35)

2020-01-24 18:23:10.1076 [ERROR] NullReferenceException: Object reference not set to an instance of an object
Bullet.OnTriggerEnter2D (UnityEngine.Collider2D other) (at Assets/Scripts/Bullet.cs:35)

2020-01-24 18:23:10.1096 [ERROR] NullReferenceException: Object reference not set to an instance of an object
Bullet.OnTriggerEnter2D (UnityEngine.Collider2D other) (at Assets/Scripts/Bullet.cs:25)

2020-01-24 18:23:10.3236 [ERROR] NullReferenceException: Object reference not set to an instance of an object
Bullet.OnTriggerEnter2D (UnityEngine.Collider2D other) (at Assets/Scripts/Bullet.cs:35)

2020-01-24 18:23:10.3246 [ERROR] NullReferenceException: Object reference not set to an instance of an object
Bullet.OnTriggerEnter2D (UnityEngine.Collider2D other) (at Assets/Scripts/Bullet.cs:25)

2020-01-24 18:23:10.4706 [ERROR] NullReferenceException: Object reference not set to an instance of an object
Bullet.OnTriggerEnter2D (UnityEngine.Collider2D other) (at Assets/Scripts/Bullet.cs:35)

2020-01-24 18:23:10.4726 [ERROR] NullReferenceException: Object reference not set to an instance of an object
Bullet.OnTriggerEnter2D (UnityEngine.Collider2D other) (at Assets/Scripts/Bullet.cs:25)

2020-01-24 18:23:10.5477 [ERROR] NullReferenceException: Object reference not set to an instance of an object
Bullet.OnTriggerEnter2D (UnityEngine.Collider2D other) (at Assets/Scripts/Bullet.cs:25)

2020-01-24 18:23:10.5486 [ERROR] NullReferenceException: Object reference not set to an instance of an object
Bullet.OnTriggerEnter2D (UnityEngine.Collider2D other) (at Assets/Scripts/Bullet.cs:35)

2020-01-24 18:23:10.9219 [ERROR] NullReferenceException: Object reference not set to an instance of an object
Bullet.OnTriggerEnter2D (UnityEngine.Collider2D other) (at Assets/Scripts/Bullet.cs:25)

2020-01-24 18:23:10.9229 [ERROR] NullReferenceException: Object reference not set to an instance of an object
Bullet.OnTriggerEnter2D (UnityEngine.Collider2D other) (at Assets/Scripts/Bullet.cs:35)

2020-01-24 18:23:11.3549 [ERROR] NullReferenceException: Object reference not set to an instance of an object
Bullet.OnTriggerEnter2D (UnityEngine.Collider2D other) (at Assets/Scripts/Bullet.cs:35)

2020-01-24 18:23:11.3570 [ERROR] NullReferenceException: Object reference not set to an instance of an object
Bullet.OnTriggerEnter2D (UnityEngine.Collider2D other) (at Assets/Scripts/Bullet.cs:25)

2020-01-24 18:23:12.8849 [ERROR] NullReferenceException: Object reference not set to an instance of an object
Bullet.OnTriggerEnter2D (UnityEngine.Collider2D other) (at Assets/Scripts/Bullet.cs:25)

2020-01-24 18:23:12.8869 [ERROR] NullReferenceException: Object reference not set to an instance of an object
Bullet.OnTriggerEnter2D (UnityEngine.Collider2D other) (at Assets/Scripts/Bullet.cs:35)

2020-01-24 18:23:13.3119 [ERROR] NullReferenceException: Object reference not set to an instance of an object
Bullet.OnTriggerEnter2D (UnityEngine.Collider2D other) (at Assets/Scripts/Bullet.cs:25)

2020-01-24 18:23:13.3139 [ERROR] NullReferenceException: Object reference not set to an instance of an object
Bullet.OnTriggerEnter2D (UnityEngine.Collider2D other) (at Assets/Scripts/Bullet.cs:35)

2020-01-24 18:23:14.7670 [ERROR] NullReferenceException: Object reference not set to an instance of an object
Bullet.OnTriggerEnter2D (UnityEngine.Collider2D other) (at Assets/Scripts/Bullet.cs:25)

2020-01-24 18:23:14.7690 [ERROR] NullReferenceException: Object reference not set to an instance of an object
Bullet.OnTriggerEnter2D (UnityEngine.Collider2D other) (at Assets/Scripts/Bullet.cs:35)

2020-01-24 18:23:15.1350 [ERROR] NullReferenceException: Object reference not set to an instance of an object
Bullet.OnTriggerEnter2D (UnityEngine.Collider2D other) (at Assets/Scripts/Bullet.cs:35)

2020-01-24 18:23:15.1370 [ERROR] NullReferenceException: Object reference not set to an instance of an object
Bullet.OnTriggerEnter2D (UnityEngine.Collider2D other) (at Assets/Scripts/Bullet.cs:25)

2020-01-24 18:23:19.7757 [DEBUG] Play mode: False
2020-01-24 18:23:26.1288 [DEBUG] Scene Fusion version 1.8.5-1
2020-01-24 18:23:26.5469 [DEBUG] Play mode: True, sync in play mode: False
2020-01-24 18:23:27.6611 [DEBUG] Refresh token () error: {"err":"Invalid token"}
2020-01-24 18:23:28.0736 [ERROR] NullReferenceException: Object reference not set to an instance of an object
Bullet.OnTriggerEnter2D (UnityEngine.Collider2D other) (at Assets/Scripts/Bullet.cs:25)

2020-01-24 18:23:28.0766 [ERROR] NullReferenceException: Object reference not set to an instance of an object
Bullet.OnTriggerEnter2D (UnityEngine.Collider2D other) (at Assets/Scripts/Bullet.cs:35)

2020-01-24 18:23:28.1666 [ERROR] NullReferenceException: Object reference not set to an instance of an object
Bullet.OnTriggerEnter2D (UnityEngine.Collider2D other) (at Assets/Scripts/Bullet.cs:25)

2020-01-24 18:23:28.1686 [ERROR] NullReferenceException: Object reference not set to an instance of an object
Bullet.OnTriggerEnter2D (UnityEngine.Collider2D other) (at Assets/Scripts/Bullet.cs:35)

2020-01-24 18:23:28.3796 [ERROR] NullReferenceException: Object reference not set to an instance of an object
Bullet.OnTriggerEnter2D (UnityEngine.Collider2D other) (at Assets/Scripts/Bullet.cs:25)

2020-01-24 18:23:28.3806 [ERROR] NullReferenceException: Object reference not set to an instance of an object
Bullet.OnTriggerEnter2D (UnityEngine.Collider2D other) (at Assets/Scripts/Bullet.cs:35)

2020-01-24 18:23:36.0015 [DEBUG] Play mode: False
2020-01-24 18:24:16.5008 [DEBUG] Scene Fusion version 1.8.5-1
2020-01-24 18:24:16.8758 [DEBUG] Play mode: True, sync in play mode: False
2020-01-24 18:24:18.0268 [DEBUG] Refresh token () error: {"err":"Invalid token"}
2020-01-24 18:24:32.8590 [DEBUG] Play mode: False
2020-01-24 18:24:53.4638 [DEBUG] Scene Fusion version 1.8.5-1
2020-01-24 18:24:53.6638 [DEBUG] Play mode: True, sync in play mode: False
2020-01-24 18:24:54.7448 [DEBUG] Refresh token () error: {"err":"Invalid token"}
2020-01-24 18:25:03.1748 [DEBUG] Play mode: False
2020-01-24 18:25:14.4628 [DEBUG] Scene Fusion version 1.8.5-1
2020-01-24 18:25:14.8600 [DEBUG] Play mode: True, sync in play mode: False
2020-01-24 18:25:15.9770 [DEBUG] Refresh token () error: {"err":"Invalid token"}
2020-01-24 18:25:20.3517 [DEBUG] Play mode: False
2020-01-24 18:27:57.2679 [DEBUG] Scene Fusion version 1.8.5-1
2020-01-24 18:27:57.6728 [DEBUG] Play mode: True, sync in play mode: False
2020-01-24 18:27:58.8289 [DEBUG] Refresh token () error: {"err":"Invalid token"}
2020-01-24 18:28:05.4488 [DEBUG] Play mode: False
2020-01-24 18:29:11.1189 [DEBUG] Scene Fusion version 1.8.5-1
2020-01-24 18:29:11.3889 [DEBUG] Play mode: True, sync in play mode: False
2020-01-24 18:29:12.4855 [DEBUG] Refresh token () error: {"err":"Invalid token"}
2020-01-24 18:29:25.7888 [DEBUG] Play mode: False
2020-01-24 18:29:41.9730 [DEBUG] Scene Fusion version 1.8.5-1
2020-01-24 18:29:42.4710 [DEBUG] Play mode: True, sync in play mode: False
2020-01-24 18:29:43.5910 [DEBUG] Refresh token () error: {"err":"Invalid token"}
2020-01-24 18:29:47.9230 [DEBUG] Play mode: False
2020-01-24 18:30:02.6011 [DEBUG] Scene Fusion version 1.8.5-1
2020-01-24 18:30:03.0420 [DEBUG] Play mode: True, sync in play mode: False
2020-01-24 18:30:04.2080 [DEBUG] Refresh token () error: {"err":"Invalid token"}
2020-01-24 18:30:15.1501 [DEBUG] Play mode: False
2020-01-24 18:33:07.5223 [DEBUG] Scene Fusion version 1.8.5-1
2020-01-24 18:33:10.6993 [DEBUG] Refresh token () error: {"err":"Invalid token"}
2020-01-24 18:33:31.0021 [DEBUG] Scene Fusion version 1.8.5-1
2020-01-24 18:33:31.2561 [DEBUG] Play mode: True, sync in play mode: False
2020-01-24 18:33:32.3441 [DEBUG] Refresh token () error: {"err":"Invalid token"}
2020-01-24 18:33:32.4591 [ERROR] NullReferenceException: Object reference not set to an instance of an object
Bullet.OnTriggerEnter2D (UnityEngine.Collider2D other) (at Assets/Scripts/Bullet.cs:35)

2020-01-24 18:33:32.4621 [ERROR] NullReferenceException: Object reference not set to an instance of an object
Bullet.OnTriggerEnter2D (UnityEngine.Collider2D other) (at Assets/Scripts/Bullet.cs:25)

2020-01-24 18:33:37.8001 [ERROR] NullReferenceException: Object reference not set to an instance of an object
Bullet.OnTriggerEnter2D (UnityEngine.Collider2D other) (at Assets/Scripts/Bullet.cs:35)

2020-01-24 18:33:37.8011 [ERROR] NullReferenceException: Object reference not set to an instance of an object
Bullet.OnTriggerEnter2D (UnityEngine.Collider2D other) (at Assets/Scripts/Bullet.cs:25)

2020-01-24 18:33:37.9381 [ERROR] NullReferenceException: Object reference not set to an instance of an object
Bullet.OnTriggerEnter2D (UnityEngine.Collider2D other) (at Assets/Scripts/Bullet.cs:35)

2020-01-24 18:33:37.9401 [ERROR] NullReferenceException: Object reference not set to an instance of an object
Bullet.OnTriggerEnter2D (UnityEngine.Collider2D other) (at Assets/Scripts/Bullet.cs:25)

2020-01-24 18:33:38.0931 [ERROR] NullReferenceException: Object reference not set to an instance of an object
Bullet.OnTriggerEnter2D (UnityEngine.Collider2D other) (at Assets/Scripts/Bullet.cs:35)

2020-01-24 18:33:38.0951 [ERROR] NullReferenceException: Object reference not set to an instance of an object
Bullet.OnTriggerEnter2D (UnityEngine.Collider2D other) (at Assets/Scripts/Bullet.cs:25)

2020-01-24 18:33:38.2481 [ERROR] NullReferenceException: Object reference not set to an instance of an object
Bullet.OnTriggerEnter2D (UnityEngine.Collider2D other) (at Assets/Scripts/Bullet.cs:25)

2020-01-24 18:33:38.2491 [ERROR] NullReferenceException: Object reference not set to an instance of an object
Bullet.OnTriggerEnter2D (UnityEngine.Collider2D other) (at Assets/Scripts/Bullet.cs:35)

2020-01-24 18:33:54.1043 [DEBUG] Play mode: False
2020-01-24 18:34:18.6271 [DEBUG] Scene Fusion version 1.8.5-1
2020-01-24 18:34:21.4960 [DEBUG] Refresh token () error: {"err":"Invalid token"}
2020-01-24 18:34:29.1088 [DEBUG] Scene Fusion version 1.8.5-1
2020-01-24 18:34:29.3507 [DEBUG] Play mode: True, sync in play mode: False
2020-01-24 18:34:30.4797 [DEBUG] Refresh token () error: {"err":"Invalid token"}
2020-01-24 18:34:37.6207 [DEBUG] Play mode: False
2020-01-24 18:35:18.4851 [DEBUG] Scene Fusion version 1.8.5-1
2020-01-24 18:35:18.8621 [DEBUG] Play mode: True, sync in play mode: False
2020-01-24 18:35:20.0800 [DEBUG] Refresh token () error: {"err":"Invalid token"}
2020-01-24 18:35:32.0800 [DEBUG] Play mode: False
2020-01-24 18:35:47.1059 [DEBUG] Scene Fusion version 1.8.5-1
2020-01-24 18:35:49.0389 [DEBUG] Refresh token () error: {"err":"Invalid token"}
2020-01-24 18:36:19.9100 [DEBUG] Scene Fusion version 1.8.5-1
2020-01-24 18:36:20.2550 [DEBUG] Play mode: True, sync in play mode: False
2020-01-24 18:36:21.3520 [DEBUG] Refresh token () error: {"err":"Invalid token"}
2020-01-24 18:36:45.1645 [ERROR] NullReferenceException: Object reference not set to an instance of an object
Bullet.OnTriggerEnter2D (UnityEngine.Collider2D other) (at Assets/Scripts/Bullet.cs:25)

2020-01-24 18:36:45.1665 [ERROR] NullReferenceException: Object reference not set to an instance of an object
Bullet.OnTriggerEnter2D (UnityEngine.Collider2D other) (at Assets/Scripts/Bullet.cs:35)

2020-01-24 18:36:45.7825 [ERROR] NullReferenceException: Object reference not set to an instance of an object
Bullet.OnTriggerEnter2D (UnityEngine.Collider2D other) (at Assets/Scripts/Bullet.cs:35)

2020-01-24 18:36:45.7845 [ERROR] NullReferenceException: Object reference not set to an instance of an object
Bullet.OnTriggerEnter2D (UnityEngine.Collider2D other) (at Assets/Scripts/Bullet.cs:25)

2020-01-24 18:36:45.8678 [ERROR] NullReferenceException: Object reference not set to an instance of an object
Bullet.OnTriggerEnter2D (UnityEngine.Collider2D other) (at Assets/Scripts/Bullet.cs:25)

2020-01-24 18:36:45.8688 [ERROR] NullReferenceException: Object reference not set to an instance of an object
Bullet.OnTriggerEnter2D (UnityEngine.Collider2D other) (at Assets/Scripts/Bullet.cs:35)

2020-01-24 18:36:45.9368 [ERROR] NullReferenceException: Object reference not set to an instance of an object
Bullet.OnTriggerEnter2D (UnityEngine.Collider2D other) (at Assets/Scripts/Bullet.cs:35)

2020-01-24 18:36:45.9388 [ERROR] NullReferenceException: Object reference not set to an instance of an object
Bullet.OnTriggerEnter2D (UnityEngine.Collider2D other) (at Assets/Scripts/Bullet.cs:25)

2020-01-24 18:36:46.0212 [ERROR] NullReferenceException: Object reference not set to an instance of an object
Bullet.OnTriggerEnter2D (UnityEngine.Collider2D other) (at Assets/Scripts/Bullet.cs:25)

2020-01-24 18:36:46.0223 [ERROR] NullReferenceException: Object reference not set to an instance of an object
Bullet.OnTriggerEnter2D (UnityEngine.Collider2D other) (at Assets/Scripts/Bullet.cs:35)

2020-01-24 18:36:46.1362 [ERROR] NullReferenceException: Object reference not set to an instance of an object
Bullet.OnTriggerEnter2D (UnityEngine.Collider2D other) (at Assets/Scripts/Bullet.cs:25)

2020-01-24 18:36:46.1382 [ERROR] NullReferenceException: Object reference not set to an instance of an object
Bullet.OnTriggerEnter2D (UnityEngine.Collider2D other) (at Assets/Scripts/Bullet.cs:35)

2020-01-24 18:36:46.6962 [ERROR] NullReferenceException: Object reference not set to an instance of an object
Bullet.OnTriggerEnter2D (UnityEngine.Collider2D other) (at Assets/Scripts/Bullet.cs:25)

2020-01-24 18:36:46.6972 [ERROR] NullReferenceException: Object reference not set to an instance of an object
Bullet.OnTriggerEnter2D (UnityEngine.Collider2D other) (at Assets/Scripts/Bullet.cs:35)

2020-01-24 18:36:47.0772 [ERROR] NullReferenceException: Object reference not set to an instance of an object
Bullet.OnTriggerEnter2D (UnityEngine.Collider2D other) (at Assets/Scripts/Bullet.cs:35)

2020-01-24 18:36:47.0782 [ERROR] NullReferenceException: Object reference not set to an instance of an object
Bullet.OnTriggerEnter2D (UnityEngine.Collider2D other) (at Assets/Scripts/Bullet.cs:25)

2020-01-24 18:36:47.2282 [ERROR] NullReferenceException: Object reference not set to an instance of an object
Bullet.OnTriggerEnter2D (UnityEngine.Collider2D other) (at Assets/Scripts/Bullet.cs:25)

2020-01-24 18:36:47.2302 [ERROR] NullReferenceException: Object reference not set to an instance of an object
Bullet.OnTriggerEnter2D (UnityEngine.Collider2D other) (at Assets/Scripts/Bullet.cs:35)

2020-01-24 18:36:47.6603 [ERROR] NullReferenceException: Object reference not set to an instance of an object
Bullet.OnTriggerEnter2D (UnityEngine.Collider2D other) (at Assets/Scripts/Bullet.cs:25)

2020-01-24 18:36:47.6613 [ERROR] NullReferenceException: Object reference not set to an instance of an object
Bullet.OnTriggerEnter2D (UnityEngine.Collider2D other) (at Assets/Scripts/Bullet.cs:35)

2020-01-24 18:36:55.0819 [DEBUG] Play mode: False
2020-01-24 18:37:43.6291 [DEBUG] Scene Fusion version 1.8.5-1
2020-01-24 18:37:44.0510 [DEBUG] Play mode: True, sync in play mode: False
2020-01-24 18:37:45.1471 [DEBUG] Refresh token () error: {"err":"Invalid token"}
2020-01-24 18:37:53.9143 [ERROR] NullReferenceException: Object reference not set to an instance of an object
Bullet.OnTriggerEnter2D (UnityEngine.Collider2D other) (at Assets/Scripts/Bullet.cs:35)

2020-01-24 18:37:53.9163 [ERROR] NullReferenceException: Object reference not set to an instance of an object
Bullet.OnTriggerEnter2D (UnityEngine.Collider2D other) (at Assets/Scripts/Bullet.cs:25)

2020-01-24 18:37:56.8264 [DEBUG] Play mode: False
2020-01-24 18:38:01.9604 [DEBUG] Scene Fusion version 1.8.5-1
2020-01-24 18:38:02.5194 [DEBUG] Play mode: True, sync in play mode: False
2020-01-24 18:38:03.6194 [DEBUG] Refresh token () error: {"err":"Invalid token"}
2020-01-24 18:38:03.8489 [ERROR] NullReferenceException: Object reference not set to an instance of an object
Bullet.OnTriggerEnter2D (UnityEngine.Collider2D other) (at Assets/Scripts/Bullet.cs:35)

2020-01-24 18:38:03.8518 [ERROR] NullReferenceException: Object reference not set to an instance of an object
Bullet.OnTriggerEnter2D (UnityEngine.Collider2D other) (at Assets/Scripts/Bullet.cs:25)

2020-01-24 18:38:04.1508 [ERROR] NullReferenceException: Object reference not set to an instance of an object
Bullet.OnTriggerEnter2D (UnityEngine.Collider2D other) (at Assets/Scripts/Bullet.cs:25)

2020-01-24 18:38:04.1518 [ERROR] NullReferenceException: Object reference not set to an instance of an object
Bullet.OnTriggerEnter2D (UnityEngine.Collider2D other) (at Assets/Scripts/Bullet.cs:35)

2020-01-24 18:38:04.5968 [ERROR] NullReferenceException: Object reference not set to an instance of an object
Bullet.OnTriggerEnter2D (UnityEngine.Collider2D other) (at Assets/Scripts/Bullet.cs:25)

2020-01-24 18:38:04.5978 [ERROR] NullReferenceException: Object reference not set to an instance of an object
Bullet.OnTriggerEnter2D (UnityEngine.Collider2D other) (at Assets/Scripts/Bullet.cs:35)

2020-01-24 18:38:04.6998 [ERROR] NullReferenceException: Object reference not set to an instance of an object
Bullet.OnTriggerEnter2D (UnityEngine.Collider2D other) (at Assets/Scripts/Bullet.cs:25)

2020-01-24 18:38:04.7018 [ERROR] NullReferenceException: Object reference not set to an instance of an object
Bullet.OnTriggerEnter2D (UnityEngine.Collider2D other) (at Assets/Scripts/Bullet.cs:35)

2020-01-24 18:38:04.8028 [ERROR] NullReferenceException: Object reference not set to an instance of an object
Bullet.OnTriggerEnter2D (UnityEngine.Collider2D other) (at Assets/Scripts/Bullet.cs:25)

2020-01-24 18:38:04.8038 [ERROR] NullReferenceException: Object reference not set to an instance of an object
Bullet.OnTriggerEnter2D (UnityEngine.Collider2D other) (at Assets/Scripts/Bullet.cs:35)

2020-01-24 18:38:04.8715 [ERROR] NullReferenceException: Object reference not set to an instance of an object
Bullet.OnTriggerEnter2D (UnityEngine.Collider2D other) (at Assets/Scripts/Bullet.cs:25)

2020-01-24 18:38:04.8725 [ERROR] NullReferenceException: Object reference not set to an instance of an object
Bullet.OnTriggerEnter2D (UnityEngine.Collider2D other) (at Assets/Scripts/Bullet.cs:35)

2020-01-24 18:40:57.7192 [DEBUG] Play mode: False
2020-01-24 18:41:04.9508 [DEBUG] Scene Fusion version 1.8.5-1
2020-01-24 18:41:05.2287 [DEBUG] Play mode: True, sync in play mode: False
2020-01-24 18:41:06.3854 [DEBUG] Refresh token () error: {"err":"Invalid token"}
2020-01-24 18:41:08.0225 [DEBUG] Play mode: False
2020-01-24 18:44:12.8683 [DEBUG] Scene Fusion version 1.8.5-1
2020-01-24 18:44:19.5693 [DEBUG] Scene Fusion version 1.8.5-1
2020-01-24 18:44:19.8903 [DEBUG] Play mode: True, sync in play mode: False
2020-01-24 18:44:20.9957 [DEBUG] Refresh token () error: {"err":"Invalid token"}
2020-01-24 18:44:21.7117 [ERROR] NullReferenceException: Object reference not set to an instance of an object
Bullet.OnTriggerEnter2D (UnityEngine.Collider2D other) (at Assets/Scripts/Bullet.cs:25)

2020-01-24 18:44:21.7138 [ERROR] NullReferenceException: Object reference not set to an instance of an object
Bullet.OnTriggerEnter2D (UnityEngine.Collider2D other) (at Assets/Scripts/Bullet.cs:35)

2020-01-24 18:44:23.3167 [ERROR] NullReferenceException: Object reference not set to an instance of an object
Bullet.OnTriggerEnter2D (UnityEngine.Collider2D other) (at Assets/Scripts/Bullet.cs:25)

2020-01-24 18:44:23.3187 [ERROR] NullReferenceException: Object reference not set to an instance of an object
Bullet.OnTriggerEnter2D (UnityEngine.Collider2D other) (at Assets/Scripts/Bullet.cs:35)

2020-01-24 18:44:23.5227 [ERROR] NullReferenceException: Object reference not set to an instance of an object
Bullet.OnTriggerEnter2D (UnityEngine.Collider2D other) (at Assets/Scripts/Bullet.cs:25)

2020-01-24 18:44:23.5237 [ERROR] NullReferenceException: Object reference not set to an instance of an object
Bullet.OnTriggerEnter2D (UnityEngine.Collider2D other) (at Assets/Scripts/Bullet.cs:35)

2020-01-24 18:44:23.7637 [ERROR] NullReferenceException: Object reference not set to an instance of an object
Bullet.OnTriggerEnter2D (UnityEngine.Collider2D other) (at Assets/Scripts/Bullet.cs:35)

2020-01-24 18:44:23.7647 [ERROR] NullReferenceException: Object reference not set to an instance of an object
Bullet.OnTriggerEnter2D (UnityEngine.Collider2D other) (at Assets/Scripts/Bullet.cs:25)

2020-01-24 18:44:23.8657 [ERROR] NullReferenceException: Object reference not set to an instance of an object
Bullet.OnTriggerEnter2D (UnityEngine.Collider2D other) (at Assets/Scripts/Bullet.cs:25)

2020-01-24 18:44:23.8678 [ERROR] NullReferenceException: Object reference not set to an instance of an object
Bullet.OnTriggerEnter2D (UnityEngine.Collider2D other) (at Assets/Scripts/Bullet.cs:35)

2020-01-24 18:44:23.9017 [ERROR] NullReferenceException: Object reference not set to an instance of an object
Bullet.OnTriggerEnter2D (UnityEngine.Collider2D other) (at Assets/Scripts/Bullet.cs:35)

2020-01-24 18:44:23.9027 [ERROR] NullReferenceException: Object reference not set to an instance of an object
Bullet.OnTriggerEnter2D (UnityEngine.Collider2D other) (at Assets/Scripts/Bullet.cs:25)

2020-01-24 18:44:24.1077 [ERROR] NullReferenceException: Object reference not set to an instance of an object
Bullet.OnTriggerEnter2D (UnityEngine.Collider2D other) (at Assets/Scripts/Bullet.cs:25)

2020-01-24 18:44:24.1088 [ERROR] NullReferenceException: Object reference not set to an instance of an object
Bullet.OnTriggerEnter2D (UnityEngine.Collider2D other) (at Assets/Scripts/Bullet.cs:35)

2020-01-24 18:44:48.1193 [DEBUG] Play mode: False
2020-01-24 18:47:09.8976 [DEBUG] Scene Fusion version 1.8.5-1
2020-01-24 18:47:10.1079 [DEBUG] Play mode: True, sync in play mode: False
2020-01-24 18:47:11.2799 [DEBUG] Refresh token () error: {"err":"Invalid token"}
2020-01-24 18:47:14.9455 [DEBUG] Play mode: False
2020-01-24 18:48:29.5104 [DEBUG] Scene Fusion version 1.8.5-1
2020-01-24 18:48:29.7113 [DEBUG] Play mode: True, sync in play mode: False
2020-01-24 18:48:30.8453 [DEBUG] Refresh token () error: {"err":"Invalid token"}
2020-01-24 18:48:36.6994 [ERROR] NullReferenceException: Object reference not set to an instance of an object
Bullet.OnTriggerEnter2D (UnityEngine.Collider2D other) (at Assets/Scripts/Bullet.cs:35)

2020-01-24 18:48:36.7014 [ERROR] NullReferenceException: Object reference not set to an instance of an object
Bullet.OnTriggerEnter2D (UnityEngine.Collider2D other) (at Assets/Scripts/Bullet.cs:25)

2020-01-24 18:48:36.8343 [ERROR] NullReferenceException: Object reference not set to an instance of an object
Bullet.OnTriggerEnter2D (UnityEngine.Collider2D other) (at Assets/Scripts/Bullet.cs:35)

2020-01-24 18:48:36.8373 [ERROR] NullReferenceException: Object reference not set to an instance of an object
Bullet.OnTriggerEnter2D (UnityEngine.Collider2D other) (at Assets/Scripts/Bullet.cs:25)

2020-01-24 18:48:36.8703 [ERROR] NullReferenceException: Object reference not set to an instance of an object
Bullet.OnTriggerEnter2D (UnityEngine.Collider2D other) (at Assets/Scripts/Bullet.cs:35)

2020-01-24 18:48:36.8723 [ERROR] NullReferenceException: Object reference not set to an instance of an object
Bullet.OnTriggerEnter2D (UnityEngine.Collider2D other) (at Assets/Scripts/Bullet.cs:25)

2020-01-24 18:48:36.9793 [ERROR] NullReferenceException: Object reference not set to an instance of an object
Bullet.OnTriggerEnter2D (UnityEngine.Collider2D other) (at Assets/Scripts/Bullet.cs:35)

2020-01-24 18:48:36.9803 [ERROR] NullReferenceException: Object reference not set to an instance of an object
Bullet.OnTriggerEnter2D (UnityEngine.Collider2D other) (at Assets/Scripts/Bullet.cs:25)

2020-01-24 18:48:37.0813 [ERROR] NullReferenceException: Object reference not set to an instance of an object
Bullet.OnTriggerEnter2D (UnityEngine.Collider2D other) (at Assets/Scripts/Bullet.cs:25)

2020-01-24 18:48:37.0833 [ERROR] NullReferenceException: Object reference not set to an instance of an object
Bullet.OnTriggerEnter2D (UnityEngine.Collider2D other) (at Assets/Scripts/Bullet.cs:35)

2020-01-24 18:48:37.3243 [ERROR] NullReferenceException: Object reference not set to an instance of an object
Bullet.OnTriggerEnter2D (UnityEngine.Collider2D other) (at Assets/Scripts/Bullet.cs:25)

2020-01-24 18:48:37.3253 [ERROR] NullReferenceException: Object reference not set to an instance of an object
Bullet.OnTriggerEnter2D (UnityEngine.Collider2D other) (at Assets/Scripts/Bullet.cs:35)

2020-01-24 18:48:37.4623 [ERROR] NullReferenceException: Object reference not set to an instance of an object
Bullet.OnTriggerEnter2D (UnityEngine.Collider2D other) (at Assets/Scripts/Bullet.cs:25)

2020-01-24 18:48:37.4633 [ERROR] NullReferenceException: Object reference not set to an instance of an object
Bullet.OnTriggerEnter2D (UnityEngine.Collider2D other) (at Assets/Scripts/Bullet.cs:35)

2020-01-24 18:48:58.7403 [DEBUG] Play mode: False
2020-01-24 18:51:19.6644 [DEBUG] Scene Fusion version 1.8.5-1
2020-01-24 18:51:21.3045 [DEBUG] Refresh token () error: {"err":"Invalid token"}
2020-01-24 18:51:31.6295 [DEBUG] Scene Fusion version 1.8.5-1
2020-01-24 18:51:31.9924 [DEBUG] Play mode: True, sync in play mode: False
2020-01-24 18:51:33.1434 [DEBUG] Refresh token () error: {"err":"Invalid token"}
2020-01-24 18:51:39.1768 [DEBUG] Play mode: False
2020-01-24 18:52:34.3254 [DEBUG] Scene Fusion version 1.8.5-1
2020-01-24 18:52:34.5224 [DEBUG] Play mode: True, sync in play mode: False
2020-01-24 18:52:35.6684 [DEBUG] Refresh token () error: {"err":"Invalid token"}
2020-01-24 18:52:50.6495 [ERROR] NullReferenceException: Object reference not set to an instance of an object
Bullet.OnTriggerEnter2D (UnityEngine.Collider2D other) (at Assets/Scripts/Bullet.cs:25)

2020-01-24 18:52:50.6505 [ERROR] NullReferenceException: Object reference not set to an instance of an object
Bullet.OnTriggerEnter2D (UnityEngine.Collider2D other) (at Assets/Scripts/Bullet.cs:35)

2020-01-24 18:52:51.4365 [ERROR] NullReferenceException: Object reference not set to an instance of an object
Bullet.OnTriggerEnter2D (UnityEngine.Collider2D other) (at Assets/Scripts/Bullet.cs:25)

2020-01-24 18:52:51.4385 [ERROR] NullReferenceException: Object reference not set to an instance of an object
Bullet.OnTriggerEnter2D (UnityEngine.Collider2D other) (at Assets/Scripts/Bullet.cs:35)

2020-01-24 18:52:51.5735 [ERROR] NullReferenceException: Object reference not set to an instance of an object
Bullet.OnTriggerEnter2D (UnityEngine.Collider2D other) (at Assets/Scripts/Bullet.cs:25)

2020-01-24 18:52:51.5755 [ERROR] NullReferenceException: Object reference not set to an instance of an object
Bullet.OnTriggerEnter2D (UnityEngine.Collider2D other) (at Assets/Scripts/Bullet.cs:35)

2020-01-24 18:52:51.6085 [ERROR] NullReferenceException: Object reference not set to an instance of an object
Bullet.OnTriggerEnter2D (UnityEngine.Collider2D other) (at Assets/Scripts/Bullet.cs:25)

2020-01-24 18:52:51.6095 [ERROR] NullReferenceException: Object reference not set to an instance of an object
Bullet.OnTriggerEnter2D (UnityEngine.Collider2D other) (at Assets/Scripts/Bullet.cs:35)

2020-01-24 18:52:51.9515 [ERROR] NullReferenceException: Object reference not set to an instance of an object
Bullet.OnTriggerEnter2D (UnityEngine.Collider2D other) (at Assets/Scripts/Bullet.cs:25)

2020-01-24 18:52:51.9535 [ERROR] NullReferenceException: Object reference not set to an instance of an object
Bullet.OnTriggerEnter2D (UnityEngine.Collider2D other) (at Assets/Scripts/Bullet.cs:35)

2020-01-24 18:52:52.0885 [ERROR] NullReferenceException: Object reference not set to an instance of an object
Bullet.OnTriggerEnter2D (UnityEngine.Collider2D other) (at Assets/Scripts/Bullet.cs:25)

2020-01-24 18:52:52.0905 [ERROR] NullReferenceException: Object reference not set to an instance of an object
Bullet.OnTriggerEnter2D (UnityEngine.Collider2D other) (at Assets/Scripts/Bullet.cs:35)

2020-01-24 18:52:52.3645 [ERROR] NullReferenceException: Object reference not set to an instance of an object
Bullet.OnTriggerEnter2D (UnityEngine.Collider2D other) (at Assets/Scripts/Bullet.cs:35)

2020-01-24 18:52:52.3665 [ERROR] NullReferenceException: Object reference not set to an instance of an object
Bullet.OnTriggerEnter2D (UnityEngine.Collider2D other) (at Assets/Scripts/Bullet.cs:25)

2020-01-24 18:52:52.4675 [ERROR] NullReferenceException: Object reference not set to an instance of an object
Bullet.OnTriggerEnter2D (UnityEngine.Collider2D other) (at Assets/Scripts/Bullet.cs:35)

2020-01-24 18:52:52.4695 [ERROR] NullReferenceException: Object reference not set to an instance of an object
Bullet.OnTriggerEnter2D (UnityEngine.Collider2D other) (at Assets/Scripts/Bullet.cs:25)

2020-01-24 18:52:52.5705 [ERROR] NullReferenceException: Object reference not set to an instance of an object
Bullet.OnTriggerEnter2D (UnityEngine.Collider2D other) (at Assets/Scripts/Bullet.cs:35)

2020-01-24 18:52:52.5715 [ERROR] NullReferenceException: Object reference not set to an instance of an object
Bullet.OnTriggerEnter2D (UnityEngine.Collider2D other) (at Assets/Scripts/Bullet.cs:25)

2020-01-24 18:52:52.9475 [ERROR] NullReferenceException: Object reference not set to an instance of an object
Bullet.OnTriggerEnter2D (UnityEngine.Collider2D other) (at Assets/Scripts/Bullet.cs:25)

2020-01-24 18:52:52.9495 [ERROR] NullReferenceException: Object reference not set to an instance of an object
Bullet.OnTriggerEnter2D (UnityEngine.Collider2D other) (at Assets/Scripts/Bullet.cs:35)

2020-01-24 18:52:55.0435 [DEBUG] Play mode: False
2020-01-24 21:28:14.9157 [DEBUG] Scene Fusion: A new version of Scene Fusion is available.
Current Version: 1.8.5
Latest Version: 1.8.6
