2020-01-11 18:35:49.4028 [DEBUG] Validating model...
2020-01-11 18:35:49.6052 [DEBUG] Model updated
2020-01-11 18:35:49.6062 [DEBUG] Authenticating with server...
2020-01-11 18:35:49.9323 [DEBUG] Connected to room. (111879:SceneFusion:SceneFusion)
2020-01-11 18:35:49.9543 [INFO] Connected to server.
2020-01-11 18:35:49.9543 [DEBUG] OS : Microsoft Windows NT 10.0.18362.0
2020-01-11 18:35:49.9543 [DEBUG] Unity Version : 2018.4.13f1
2020-01-11 18:35:49.9553 [DEBUG] Pro License : False
2020-01-11 18:35:49.9553 [DEBUG] Platform : WindowsEditor
2020-01-11 18:35:49.9553 [DEBUG] Build Target : StandaloneWindows64
2020-01-11 18:35:49.9553 [DEBUG] Scene Fusion version : 1.8.5
2020-01-11 18:35:49.9563 [DEBUG] Scene Fusion client build : 1
2020-01-11 18:35:49.9563 [DEBUG] User : tonislavchev2004@gmail.com
2020-01-11 18:35:49.9573 [DEBUG] Waiting for server response
2020-01-11 18:35:50.0605 [DEBUG] Tier: Free, Permissions: 00000200
2020-01-11 18:35:50.0616 [DEBUG] User Permissions: FFFFFFFF
2020-01-11 18:35:50.0835 [DEBUG] No stand-in for UnityEngine.LocalizationAsset
2020-01-11 18:35:50.0835 [DEBUG] No stand-in for UnityEngine.ProceduralMaterial
2020-01-11 18:35:50.0835 [DEBUG] No stand-in for UnityEngine.ProceduralTexture
2020-01-11 18:35:50.0835 [DEBUG] No stand-in for UnityEngine.TerrainLayer
2020-01-11 18:35:50.0835 [DEBUG] No stand-in for UnityEngine.Experimental.VFX.VisualEffectAsset
2020-01-11 18:35:51.6665 [DEBUG] Loading complete
2020-01-11 18:35:51.8765 [DEBUG] Spawn request. (Objects: 1)
2020-01-11 18:35:54.6062 [DEBUG] Disconnecting temporarily to enter play mode.
2020-01-11 18:35:54.6072 [DEBUG] Disconnecting from room (111879:SceneFusion:SceneFusion)
2020-01-11 18:35:54.6102 [INFO] Disconnected from server.
2020-01-11 18:35:54.6102 [DEBUG] Disconnect. (Duration: 4)
2020-01-11 18:35:54.7847 [INFO] Static batching in play mode is not supported in a Scene Fusion session and will be temporarily disabled.
2020-01-11 18:36:00.6764 [DEBUG] Scene Fusion version 1.8.5-1
2020-01-11 18:36:01.4020 [DEBUG] Connecting to room (111879:SceneFusion:SceneFusion) via TCP at roommanager-ec2-35-164-71-216.kinematicsoup.com:21312
2020-01-11 18:36:01.4100 [DEBUG] Guest connection. (Session: 111879)
2020-01-11 18:36:01.4100 [DEBUG] Play mode: True, sync in play mode: False
2020-01-11 18:36:01.6113 [DEBUG] Validating model...
2020-01-11 18:36:01.8234 [DEBUG] Model updated
2020-01-11 18:36:01.8244 [DEBUG] Authenticating with server...
2020-01-11 18:36:02.1720 [DEBUG] Connected to room. (111879:SceneFusion:SceneFusion)
2020-01-11 18:36:02.1860 [INFO] Connected to server.
2020-01-11 18:36:02.1860 [DEBUG] OS : Microsoft Windows NT 10.0.18362.0
2020-01-11 18:36:02.1860 [DEBUG] Unity Version : 2018.4.13f1
2020-01-11 18:36:02.1870 [DEBUG] Pro License : False
2020-01-11 18:36:02.1870 [DEBUG] Platform : WindowsEditor
2020-01-11 18:36:02.1870 [DEBUG] Build Target : StandaloneWindows64
2020-01-11 18:36:02.1870 [DEBUG] Scene Fusion version : 1.8.5
2020-01-11 18:36:02.1870 [DEBUG] Scene Fusion client build : 1
2020-01-11 18:36:02.1870 [DEBUG] User : tonislavchev2004@gmail.com
2020-01-11 18:36:02.4114 [DEBUG] Tier: Free, Permissions: 00000200
2020-01-11 18:36:02.4114 [DEBUG] User Permissions: FFFFFFFF
2020-01-11 18:36:02.7186 [DEBUG] No stand-in for UnityEngine.LocalizationAsset
2020-01-11 18:36:02.7186 [DEBUG] No stand-in for UnityEngine.ProceduralMaterial
2020-01-11 18:36:02.7186 [DEBUG] No stand-in for UnityEngine.ProceduralTexture
2020-01-11 18:36:02.7186 [DEBUG] No stand-in for UnityEngine.TerrainLayer
2020-01-11 18:36:02.7186 [DEBUG] No stand-in for UnityEngine.Experimental.VFX.VisualEffectAsset
2020-01-11 18:36:40.8144 [DEBUG] Sync in play mode: True
2020-01-11 18:36:41.1382 [DEBUG] Loading complete
2020-01-11 18:36:41.1522 [ERROR] NullReferenceException: Object reference not set to an instance of an object
HealthBar.Update () (at Assets/Scripts/HealthBar.cs:20)

2020-01-11 18:36:41.1981 [ERROR] NullReferenceException: Object reference not set to an instance of an object
HealthBar.Update () (at Assets/Scripts/HealthBar.cs:20)

2020-01-11 18:36:41.2280 [ERROR] NullReferenceException: Object reference not set to an instance of an object
HealthBar.Update () (at Assets/Scripts/HealthBar.cs:20)

2020-01-11 18:36:41.2489 [ERROR] NullReferenceException: Object reference not set to an instance of an object
HealthBar.Update () (at Assets/Scripts/HealthBar.cs:20)

2020-01-11 18:36:41.2849 [ERROR] NullReferenceException: Object reference not set to an instance of an object
HealthBar.Update () (at Assets/Scripts/HealthBar.cs:20)

2020-01-11 18:36:41.3128 [ERROR] NullReferenceException: Object reference not set to an instance of an object
HealthBar.Update () (at Assets/Scripts/HealthBar.cs:20)

2020-01-11 18:36:41.3487 [ERROR] NullReferenceException: Object reference not set to an instance of an object
HealthBar.Update () (at Assets/Scripts/HealthBar.cs:20)

2020-01-11 18:36:41.3836 [ERROR] NullReferenceException: Object reference not set to an instance of an object
HealthBar.Update () (at Assets/Scripts/HealthBar.cs:20)

2020-01-11 18:36:41.4125 [ERROR] NullReferenceException: Object reference not set to an instance of an object
HealthBar.Update () (at Assets/Scripts/HealthBar.cs:20)

2020-01-11 18:36:41.4470 [ERROR] NullReferenceException: Object reference not set to an instance of an object
HealthBar.Update () (at Assets/Scripts/HealthBar.cs:20)

2020-01-11 18:36:41.4699 [ERROR] NullReferenceException: Object reference not set to an instance of an object
HealthBar.Update () (at Assets/Scripts/HealthBar.cs:20)

2020-01-11 18:36:41.4948 [ERROR] NullReferenceException: Object reference not set to an instance of an object
HealthBar.Update () (at Assets/Scripts/HealthBar.cs:20)

2020-01-11 18:36:41.5268 [ERROR] NullReferenceException: Object reference not set to an instance of an object
HealthBar.Update () (at Assets/Scripts/HealthBar.cs:20)

2020-01-11 18:36:41.5497 [ERROR] NullReferenceException: Object reference not set to an instance of an object
HealthBar.Update () (at Assets/Scripts/HealthBar.cs:20)

2020-01-11 18:36:41.5816 [ERROR] NullReferenceException: Object reference not set to an instance of an object
HealthBar.Update () (at Assets/Scripts/HealthBar.cs:20)

2020-01-11 18:36:41.6105 [ERROR] NullReferenceException: Object reference not set to an instance of an object
HealthBar.Update () (at Assets/Scripts/HealthBar.cs:20)

2020-01-11 18:36:41.6520 [ERROR] NullReferenceException: Object reference not set to an instance of an object
HealthBar.Update () (at Assets/Scripts/HealthBar.cs:20)

2020-01-11 18:36:41.6799 [ERROR] NullReferenceException: Object reference not set to an instance of an object
HealthBar.Update () (at Assets/Scripts/HealthBar.cs:20)

2020-01-11 18:36:41.7029 [ERROR] NullReferenceException: Object reference not set to an instance of an object
HealthBar.Update () (at Assets/Scripts/HealthBar.cs:20)

2020-01-11 18:36:41.7368 [ERROR] NullReferenceException: Object reference not set to an instance of an object
HealthBar.Update () (at Assets/Scripts/HealthBar.cs:20)

2020-01-11 18:36:41.7846 [ERROR] NullReferenceException: Object reference not set to an instance of an object
HealthBar.Update () (at Assets/Scripts/HealthBar.cs:20)

2020-01-11 18:36:41.8106 [ERROR] NullReferenceException: Object reference not set to an instance of an object
HealthBar.Update () (at Assets/Scripts/HealthBar.cs:20)

2020-01-11 18:36:41.8266 [ERROR] NullReferenceException: Object reference not set to an instance of an object
HealthBar.Update () (at Assets/Scripts/HealthBar.cs:20)

2020-01-11 18:36:41.8505 [ERROR] NullReferenceException: Object reference not set to an instance of an object
HealthBar.Update () (at Assets/Scripts/HealthBar.cs:20)

2020-01-11 18:36:41.8724 [ERROR] NullReferenceException: Object reference not set to an instance of an object
HealthBar.Update () (at Assets/Scripts/HealthBar.cs:20)

2020-01-11 18:36:41.8894 [ERROR] NullReferenceException: Object reference not set to an instance of an object
HealthBar.Update () (at Assets/Scripts/HealthBar.cs:20)

2020-01-11 18:36:41.9153 [ERROR] NullReferenceException: Object reference not set to an instance of an object
HealthBar.Update () (at Assets/Scripts/HealthBar.cs:20)

2020-01-11 18:36:41.9452 [ERROR] NullReferenceException: Object reference not set to an instance of an object
HealthBar.Update () (at Assets/Scripts/HealthBar.cs:20)

2020-01-11 18:36:41.9652 [ERROR] NullReferenceException: Object reference not set to an instance of an object
HealthBar.Update () (at Assets/Scripts/HealthBar.cs:20)

2020-01-11 18:36:41.9831 [ERROR] NullReferenceException: Object reference not set to an instance of an object
HealthBar.Update () (at Assets/Scripts/HealthBar.cs:20)

2020-01-11 18:36:42.0051 [ERROR] NullReferenceException: Object reference not set to an instance of an object
HealthBar.Update () (at Assets/Scripts/HealthBar.cs:20)

2020-01-11 18:36:42.0350 [ERROR] NullReferenceException: Object reference not set to an instance of an object
HealthBar.Update () (at Assets/Scripts/HealthBar.cs:20)

2020-01-11 18:36:42.0509 [ERROR] NullReferenceException: Object reference not set to an instance of an object
HealthBar.Update () (at Assets/Scripts/HealthBar.cs:20)

2020-01-11 18:36:42.0749 [ERROR] NullReferenceException: Object reference not set to an instance of an object
HealthBar.Update () (at Assets/Scripts/HealthBar.cs:20)

2020-01-11 18:36:42.0938 [ERROR] NullReferenceException: Object reference not set to an instance of an object
HealthBar.Update () (at Assets/Scripts/HealthBar.cs:20)

2020-01-11 18:36:42.1337 [ERROR] NullReferenceException: Object reference not set to an instance of an object
HealthBar.Update () (at Assets/Scripts/HealthBar.cs:20)

2020-01-11 18:36:42.1537 [ERROR] NullReferenceException: Object reference not set to an instance of an object
HealthBar.Update () (at Assets/Scripts/HealthBar.cs:20)

2020-01-11 18:36:42.1836 [ERROR] NullReferenceException: Object reference not set to an instance of an object
HealthBar.Update () (at Assets/Scripts/HealthBar.cs:20)

2020-01-11 18:36:42.2055 [ERROR] NullReferenceException: Object reference not set to an instance of an object
HealthBar.Update () (at Assets/Scripts/HealthBar.cs:20)

2020-01-11 18:36:42.2215 [ERROR] NullReferenceException: Object reference not set to an instance of an object
HealthBar.Update () (at Assets/Scripts/HealthBar.cs:20)

2020-01-11 18:36:42.2484 [ERROR] NullReferenceException: Object reference not set to an instance of an object
HealthBar.Update () (at Assets/Scripts/HealthBar.cs:20)

2020-01-11 18:36:42.2674 [ERROR] NullReferenceException: Object reference not set to an instance of an object
HealthBar.Update () (at Assets/Scripts/HealthBar.cs:20)

2020-01-11 18:36:42.2833 [ERROR] NullReferenceException: Object reference not set to an instance of an object
HealthBar.Update () (at Assets/Scripts/HealthBar.cs:20)

2020-01-11 18:36:42.3033 [ERROR] NullReferenceException: Object reference not set to an instance of an object
HealthBar.Update () (at Assets/Scripts/HealthBar.cs:20)

2020-01-11 18:36:42.3233 [ERROR] NullReferenceException: Object reference not set to an instance of an object
HealthBar.Update () (at Assets/Scripts/HealthBar.cs:20)

2020-01-11 18:36:42.3491 [ERROR] NullReferenceException: Object reference not set to an instance of an object
HealthBar.Update () (at Assets/Scripts/HealthBar.cs:20)

2020-01-11 18:36:42.3671 [ERROR] NullReferenceException: Object reference not set to an instance of an object
HealthBar.Update () (at Assets/Scripts/HealthBar.cs:20)

2020-01-11 18:36:42.3840 [ERROR] NullReferenceException: Object reference not set to an instance of an object
HealthBar.Update () (at Assets/Scripts/HealthBar.cs:20)

2020-01-11 18:36:42.4070 [ERROR] NullReferenceException: Object reference not set to an instance of an object
HealthBar.Update () (at Assets/Scripts/HealthBar.cs:20)

2020-01-11 18:36:42.4259 [ERROR] NullReferenceException: Object reference not set to an instance of an object
HealthBar.Update () (at Assets/Scripts/HealthBar.cs:20)

2020-01-11 18:36:42.4490 [ERROR] NullReferenceException: Object reference not set to an instance of an object
HealthBar.Update () (at Assets/Scripts/HealthBar.cs:20)

2020-01-11 18:36:42.4710 [ERROR] NullReferenceException: Object reference not set to an instance of an object
HealthBar.Update () (at Assets/Scripts/HealthBar.cs:20)

2020-01-11 18:36:42.4859 [ERROR] NullReferenceException: Object reference not set to an instance of an object
HealthBar.Update () (at Assets/Scripts/HealthBar.cs:20)

2020-01-11 18:36:42.5109 [ERROR] NullReferenceException: Object reference not set to an instance of an object
HealthBar.Update () (at Assets/Scripts/HealthBar.cs:20)

2020-01-11 18:36:42.5298 [ERROR] NullReferenceException: Object reference not set to an instance of an object
HealthBar.Update () (at Assets/Scripts/HealthBar.cs:20)

2020-01-11 18:36:42.5508 [ERROR] NullReferenceException: Object reference not set to an instance of an object
HealthBar.Update () (at Assets/Scripts/HealthBar.cs:20)

2020-01-11 18:36:42.5737 [ERROR] NullReferenceException: Object reference not set to an instance of an object
HealthBar.Update () (at Assets/Scripts/HealthBar.cs:20)

2020-01-11 18:36:42.5907 [ERROR] NullReferenceException: Object reference not set to an instance of an object
HealthBar.Update () (at Assets/Scripts/HealthBar.cs:20)

2020-01-11 18:36:42.6116 [ERROR] NullReferenceException: Object reference not set to an instance of an object
HealthBar.Update () (at Assets/Scripts/HealthBar.cs:20)

2020-01-11 18:36:42.6316 [ERROR] NullReferenceException: Object reference not set to an instance of an object
HealthBar.Update () (at Assets/Scripts/HealthBar.cs:20)

2020-01-11 18:36:42.6495 [ERROR] NullReferenceException: Object reference not set to an instance of an object
HealthBar.Update () (at Assets/Scripts/HealthBar.cs:20)

2020-01-11 18:36:42.6684 [ERROR] NullReferenceException: Object reference not set to an instance of an object
HealthBar.Update () (at Assets/Scripts/HealthBar.cs:20)

2020-01-11 18:36:42.6864 [ERROR] NullReferenceException: Object reference not set to an instance of an object
HealthBar.Update () (at Assets/Scripts/HealthBar.cs:20)

2020-01-11 18:36:42.7113 [ERROR] NullReferenceException: Object reference not set to an instance of an object
HealthBar.Update () (at Assets/Scripts/HealthBar.cs:20)

2020-01-11 18:36:42.7323 [ERROR] NullReferenceException: Object reference not set to an instance of an object
HealthBar.Update () (at Assets/Scripts/HealthBar.cs:20)

2020-01-11 18:36:42.7522 [ERROR] NullReferenceException: Object reference not set to an instance of an object
HealthBar.Update () (at Assets/Scripts/HealthBar.cs:20)

2020-01-11 18:36:42.7761 [ERROR] NullReferenceException: Object reference not set to an instance of an object
HealthBar.Update () (at Assets/Scripts/HealthBar.cs:20)

2020-01-11 18:36:42.7961 [ERROR] NullReferenceException: Object reference not set to an instance of an object
HealthBar.Update () (at Assets/Scripts/HealthBar.cs:20)

2020-01-11 18:36:42.8130 [ERROR] NullReferenceException: Object reference not set to an instance of an object
HealthBar.Update () (at Assets/Scripts/HealthBar.cs:20)

2020-01-11 18:36:42.8380 [ERROR] NullReferenceException: Object reference not set to an instance of an object
HealthBar.Update () (at Assets/Scripts/HealthBar.cs:20)

2020-01-11 18:36:42.8699 [ERROR] NullReferenceException: Object reference not set to an instance of an object
HealthBar.Update () (at Assets/Scripts/HealthBar.cs:20)

2020-01-11 18:36:42.8849 [ERROR] NullReferenceException: Object reference not set to an instance of an object
HealthBar.Update () (at Assets/Scripts/HealthBar.cs:20)

2020-01-11 18:36:42.9128 [ERROR] NullReferenceException: Object reference not set to an instance of an object
HealthBar.Update () (at Assets/Scripts/HealthBar.cs:20)

2020-01-11 18:36:42.9347 [ERROR] NullReferenceException: Object reference not set to an instance of an object
HealthBar.Update () (at Assets/Scripts/HealthBar.cs:20)

2020-01-11 18:36:42.9666 [ERROR] NullReferenceException: Object reference not set to an instance of an object
HealthBar.Update () (at Assets/Scripts/HealthBar.cs:20)

2020-01-11 18:36:42.9836 [ERROR] NullReferenceException: Object reference not set to an instance of an object
HealthBar.Update () (at Assets/Scripts/HealthBar.cs:20)

2020-01-11 18:36:43.0106 [ERROR] NullReferenceException: Object reference not set to an instance of an object
HealthBar.Update () (at Assets/Scripts/HealthBar.cs:20)

2020-01-11 18:36:43.0275 [ERROR] NullReferenceException: Object reference not set to an instance of an object
HealthBar.Update () (at Assets/Scripts/HealthBar.cs:20)

2020-01-11 18:36:43.0509 [ERROR] NullReferenceException: Object reference not set to an instance of an object
HealthBar.Update () (at Assets/Scripts/HealthBar.cs:20)

2020-01-11 18:36:43.0739 [ERROR] NullReferenceException: Object reference not set to an instance of an object
HealthBar.Update () (at Assets/Scripts/HealthBar.cs:20)

2020-01-11 18:36:43.0909 [ERROR] NullReferenceException: Object reference not set to an instance of an object
HealthBar.Update () (at Assets/Scripts/HealthBar.cs:20)

2020-01-11 18:36:43.1138 [ERROR] NullReferenceException: Object reference not set to an instance of an object
HealthBar.Update () (at Assets/Scripts/HealthBar.cs:20)

2020-01-11 18:36:43.1337 [ERROR] NullReferenceException: Object reference not set to an instance of an object
HealthBar.Update () (at Assets/Scripts/HealthBar.cs:20)

2020-01-11 18:36:43.1537 [ERROR] NullReferenceException: Object reference not set to an instance of an object
HealthBar.Update () (at Assets/Scripts/HealthBar.cs:20)

2020-01-11 18:36:43.1796 [ERROR] NullReferenceException: Object reference not set to an instance of an object
HealthBar.Update () (at Assets/Scripts/HealthBar.cs:20)

2020-01-11 18:36:43.1995 [ERROR] NullReferenceException: Object reference not set to an instance of an object
HealthBar.Update () (at Assets/Scripts/HealthBar.cs:20)

2020-01-11 18:36:43.2155 [ERROR] NullReferenceException: Object reference not set to an instance of an object
HealthBar.Update () (at Assets/Scripts/HealthBar.cs:20)

2020-01-11 18:36:43.2364 [ERROR] NullReferenceException: Object reference not set to an instance of an object
HealthBar.Update () (at Assets/Scripts/HealthBar.cs:20)

2020-01-11 18:36:43.2674 [ERROR] NullReferenceException: Object reference not set to an instance of an object
HealthBar.Update () (at Assets/Scripts/HealthBar.cs:20)

2020-01-11 18:36:43.2843 [ERROR] NullReferenceException: Object reference not set to an instance of an object
HealthBar.Update () (at Assets/Scripts/HealthBar.cs:20)

2020-01-11 18:36:43.3122 [ERROR] NullReferenceException: Object reference not set to an instance of an object
HealthBar.Update () (at Assets/Scripts/HealthBar.cs:20)

2020-01-11 18:36:43.3332 [ERROR] NullReferenceException: Object reference not set to an instance of an object
HealthBar.Update () (at Assets/Scripts/HealthBar.cs:20)

2020-01-11 18:36:43.3701 [ERROR] NullReferenceException: Object reference not set to an instance of an object
HealthBar.Update () (at Assets/Scripts/HealthBar.cs:20)

2020-01-11 18:36:43.3860 [ERROR] NullReferenceException: Object reference not set to an instance of an object
HealthBar.Update () (at Assets/Scripts/HealthBar.cs:20)

2020-01-11 18:36:43.4140 [ERROR] NullReferenceException: Object reference not set to an instance of an object
HealthBar.Update () (at Assets/Scripts/HealthBar.cs:20)

2020-01-11 18:36:43.4479 [ERROR] NullReferenceException: Object reference not set to an instance of an object
HealthBar.Update () (at Assets/Scripts/HealthBar.cs:20)

2020-01-11 18:36:43.4738 [ERROR] NullReferenceException: Object reference not set to an instance of an object
HealthBar.Update () (at Assets/Scripts/HealthBar.cs:20)

2020-01-11 18:36:43.4928 [ERROR] NullReferenceException: Object reference not set to an instance of an object
HealthBar.Update () (at Assets/Scripts/HealthBar.cs:20)

2020-01-11 18:36:43.5107 [ERROR] NullReferenceException: Object reference not set to an instance of an object
HealthBar.Update () (at Assets/Scripts/HealthBar.cs:20)

2020-01-11 18:36:43.5297 [ERROR] NullReferenceException: Object reference not set to an instance of an object
HealthBar.Update () (at Assets/Scripts/HealthBar.cs:20)

2020-01-11 18:36:43.5506 [ERROR] NullReferenceException: Object reference not set to an instance of an object
HealthBar.Update () (at Assets/Scripts/HealthBar.cs:20)

2020-01-11 18:36:43.5785 [ERROR] NullReferenceException: Object reference not set to an instance of an object
HealthBar.Update () (at Assets/Scripts/HealthBar.cs:20)

2020-01-11 18:36:43.5985 [ERROR] NullReferenceException: Object reference not set to an instance of an object
HealthBar.Update () (at Assets/Scripts/HealthBar.cs:20)

2020-01-11 18:36:43.6144 [ERROR] NullReferenceException: Object reference not set to an instance of an object
HealthBar.Update () (at Assets/Scripts/HealthBar.cs:20)

2020-01-11 18:36:43.6324 [ERROR] NullReferenceException: Object reference not set to an instance of an object
HealthBar.Update () (at Assets/Scripts/HealthBar.cs:20)

2020-01-11 18:36:43.6503 [ERROR] NullReferenceException: Object reference not set to an instance of an object
HealthBar.Update () (at Assets/Scripts/HealthBar.cs:20)

2020-01-11 18:36:43.6753 [ERROR] NullReferenceException: Object reference not set to an instance of an object
HealthBar.Update () (at Assets/Scripts/HealthBar.cs:20)

2020-01-11 18:36:43.6932 [ERROR] NullReferenceException: Object reference not set to an instance of an object
HealthBar.Update () (at Assets/Scripts/HealthBar.cs:20)

2020-01-11 18:36:43.7122 [ERROR] NullReferenceException: Object reference not set to an instance of an object
HealthBar.Update () (at Assets/Scripts/HealthBar.cs:20)

2020-01-11 18:36:43.7321 [ERROR] NullReferenceException: Object reference not set to an instance of an object
HealthBar.Update () (at Assets/Scripts/HealthBar.cs:20)

2020-01-11 18:36:43.7610 [ERROR] NullReferenceException: Object reference not set to an instance of an object
HealthBar.Update () (at Assets/Scripts/HealthBar.cs:20)

2020-01-11 18:36:43.7810 [ERROR] NullReferenceException: Object reference not set to an instance of an object
HealthBar.Update () (at Assets/Scripts/HealthBar.cs:20)

2020-01-11 18:36:43.8079 [ERROR] NullReferenceException: Object reference not set to an instance of an object
HealthBar.Update () (at Assets/Scripts/HealthBar.cs:20)

2020-01-11 18:36:43.8259 [ERROR] NullReferenceException: Object reference not set to an instance of an object
HealthBar.Update () (at Assets/Scripts/HealthBar.cs:20)

2020-01-11 18:36:43.8498 [ERROR] NullReferenceException: Object reference not set to an instance of an object
HealthBar.Update () (at Assets/Scripts/HealthBar.cs:20)

2020-01-11 18:36:43.8747 [ERROR] NullReferenceException: Object reference not set to an instance of an object
HealthBar.Update () (at Assets/Scripts/HealthBar.cs:20)

2020-01-11 18:36:43.8937 [ERROR] NullReferenceException: Object reference not set to an instance of an object
HealthBar.Update () (at Assets/Scripts/HealthBar.cs:20)

2020-01-11 18:36:43.9136 [ERROR] NullReferenceException: Object reference not set to an instance of an object
HealthBar.Update () (at Assets/Scripts/HealthBar.cs:20)

2020-01-11 18:36:43.9346 [ERROR] NullReferenceException: Object reference not set to an instance of an object
HealthBar.Update () (at Assets/Scripts/HealthBar.cs:20)

2020-01-11 18:36:43.9620 [ERROR] NullReferenceException: Object reference not set to an instance of an object
HealthBar.Update () (at Assets/Scripts/HealthBar.cs:20)

2020-01-11 18:36:43.9790 [ERROR] NullReferenceException: Object reference not set to an instance of an object
HealthBar.Update () (at Assets/Scripts/HealthBar.cs:20)

2020-01-11 18:36:43.9979 [ERROR] NullReferenceException: Object reference not set to an instance of an object
HealthBar.Update () (at Assets/Scripts/HealthBar.cs:20)

2020-01-11 18:36:44.0159 [ERROR] NullReferenceException: Object reference not set to an instance of an object
HealthBar.Update () (at Assets/Scripts/HealthBar.cs:20)

2020-01-11 18:36:44.0368 [ERROR] NullReferenceException: Object reference not set to an instance of an object
HealthBar.Update () (at Assets/Scripts/HealthBar.cs:20)

2020-01-11 18:36:44.0687 [ERROR] NullReferenceException: Object reference not set to an instance of an object
HealthBar.Update () (at Assets/Scripts/HealthBar.cs:20)

2020-01-11 18:36:44.0847 [ERROR] NullReferenceException: Object reference not set to an instance of an object
HealthBar.Update () (at Assets/Scripts/HealthBar.cs:20)

2020-01-11 18:36:44.1086 [ERROR] NullReferenceException: Object reference not set to an instance of an object
HealthBar.Update () (at Assets/Scripts/HealthBar.cs:20)

2020-01-11 18:36:44.1266 [ERROR] NullReferenceException: Object reference not set to an instance of an object
HealthBar.Update () (at Assets/Scripts/HealthBar.cs:20)

2020-01-11 18:36:44.1455 [ERROR] NullReferenceException: Object reference not set to an instance of an object
HealthBar.Update () (at Assets/Scripts/HealthBar.cs:20)

2020-01-11 18:36:44.1645 [ERROR] NullReferenceException: Object reference not set to an instance of an object
HealthBar.Update () (at Assets/Scripts/HealthBar.cs:20)

2020-01-11 18:36:44.1834 [ERROR] NullReferenceException: Object reference not set to an instance of an object
HealthBar.Update () (at Assets/Scripts/HealthBar.cs:20)

2020-01-11 18:36:44.2084 [ERROR] NullReferenceException: Object reference not set to an instance of an object
HealthBar.Update () (at Assets/Scripts/HealthBar.cs:20)

2020-01-11 18:36:44.2263 [ERROR] NullReferenceException: Object reference not set to an instance of an object
HealthBar.Update () (at Assets/Scripts/HealthBar.cs:20)

2020-01-11 18:36:44.2473 [ERROR] NullReferenceException: Object reference not set to an instance of an object
HealthBar.Update () (at Assets/Scripts/HealthBar.cs:20)

2020-01-11 18:36:44.2772 [ERROR] NullReferenceException: Object reference not set to an instance of an object
HealthBar.Update () (at Assets/Scripts/HealthBar.cs:20)

2020-01-11 18:36:44.2952 [ERROR] NullReferenceException: Object reference not set to an instance of an object
HealthBar.Update () (at Assets/Scripts/HealthBar.cs:20)

2020-01-11 18:36:44.3131 [ERROR] NullReferenceException: Object reference not set to an instance of an object
HealthBar.Update () (at Assets/Scripts/HealthBar.cs:20)

2020-01-11 18:36:44.3340 [ERROR] NullReferenceException: Object reference not set to an instance of an object
HealthBar.Update () (at Assets/Scripts/HealthBar.cs:20)

2020-01-11 18:36:44.3600 [ERROR] NullReferenceException: Object reference not set to an instance of an object
HealthBar.Update () (at Assets/Scripts/HealthBar.cs:20)

2020-01-11 18:36:44.3850 [ERROR] NullReferenceException: Object reference not set to an instance of an object
HealthBar.Update () (at Assets/Scripts/HealthBar.cs:20)

2020-01-11 18:36:44.4119 [ERROR] NullReferenceException: Object reference not set to an instance of an object
HealthBar.Update () (at Assets/Scripts/HealthBar.cs:20)

2020-01-11 18:36:44.4358 [ERROR] NullReferenceException: Object reference not set to an instance of an object
HealthBar.Update () (at Assets/Scripts/HealthBar.cs:20)

2020-01-11 18:36:44.4648 [ERROR] NullReferenceException: Object reference not set to an instance of an object
HealthBar.Update () (at Assets/Scripts/HealthBar.cs:20)

2020-01-11 18:36:44.4837 [ERROR] NullReferenceException: Object reference not set to an instance of an object
HealthBar.Update () (at Assets/Scripts/HealthBar.cs:20)

2020-01-11 18:36:44.5076 [ERROR] NullReferenceException: Object reference not set to an instance of an object
HealthBar.Update () (at Assets/Scripts/HealthBar.cs:20)

2020-01-11 18:36:44.5256 [ERROR] NullReferenceException: Object reference not set to an instance of an object
HealthBar.Update () (at Assets/Scripts/HealthBar.cs:20)

2020-01-11 18:36:44.5445 [ERROR] NullReferenceException: Object reference not set to an instance of an object
HealthBar.Update () (at Assets/Scripts/HealthBar.cs:20)

2020-01-11 18:36:44.5645 [ERROR] NullReferenceException: Object reference not set to an instance of an object
HealthBar.Update () (at Assets/Scripts/HealthBar.cs:20)

2020-01-11 18:36:44.5854 [ERROR] NullReferenceException: Object reference not set to an instance of an object
HealthBar.Update () (at Assets/Scripts/HealthBar.cs:20)

2020-01-11 18:36:44.6124 [ERROR] NullReferenceException: Object reference not set to an instance of an object
HealthBar.Update () (at Assets/Scripts/HealthBar.cs:20)

2020-01-11 18:36:44.6323 [ERROR] NullReferenceException: Object reference not set to an instance of an object
HealthBar.Update () (at Assets/Scripts/HealthBar.cs:20)

2020-01-11 18:36:44.6483 [ERROR] NullReferenceException: Object reference not set to an instance of an object
HealthBar.Update () (at Assets/Scripts/HealthBar.cs:20)

2020-01-11 18:36:44.6812 [ERROR] NullReferenceException: Object reference not set to an instance of an object
HealthBar.Update () (at Assets/Scripts/HealthBar.cs:20)

2020-01-11 18:36:44.7001 [ERROR] NullReferenceException: Object reference not set to an instance of an object
HealthBar.Update () (at Assets/Scripts/HealthBar.cs:20)

2020-01-11 18:36:44.7171 [ERROR] NullReferenceException: Object reference not set to an instance of an object
HealthBar.Update () (at Assets/Scripts/HealthBar.cs:20)

2020-01-11 18:36:44.7460 [ERROR] NullReferenceException: Object reference not set to an instance of an object
HealthBar.Update () (at Assets/Scripts/HealthBar.cs:20)

2020-01-11 18:36:44.7749 [ERROR] NullReferenceException: Object reference not set to an instance of an object
HealthBar.Update () (at Assets/Scripts/HealthBar.cs:20)

2020-01-11 18:36:44.7919 [ERROR] NullReferenceException: Object reference not set to an instance of an object
HealthBar.Update () (at Assets/Scripts/HealthBar.cs:20)

2020-01-11 18:36:44.8108 [ERROR] NullReferenceException: Object reference not set to an instance of an object
HealthBar.Update () (at Assets/Scripts/HealthBar.cs:20)

2020-01-11 18:36:44.8318 [ERROR] NullReferenceException: Object reference not set to an instance of an object
HealthBar.Update () (at Assets/Scripts/HealthBar.cs:20)

2020-01-11 18:36:44.8458 [ERROR] NullReferenceException: Object reference not set to an instance of an object
HealthBar.Update () (at Assets/Scripts/HealthBar.cs:20)

2020-01-11 18:36:44.8667 [ERROR] NullReferenceException: Object reference not set to an instance of an object
HealthBar.Update () (at Assets/Scripts/HealthBar.cs:20)

2020-01-11 18:36:44.8846 [ERROR] NullReferenceException: Object reference not set to an instance of an object
HealthBar.Update () (at Assets/Scripts/HealthBar.cs:20)

2020-01-11 18:36:44.9106 [ERROR] NullReferenceException: Object reference not set to an instance of an object
HealthBar.Update () (at Assets/Scripts/HealthBar.cs:20)

2020-01-11 18:36:44.9295 [ERROR] NullReferenceException: Object reference not set to an instance of an object
HealthBar.Update () (at Assets/Scripts/HealthBar.cs:20)

2020-01-11 18:36:44.9445 [ERROR] NullReferenceException: Object reference not set to an instance of an object
HealthBar.Update () (at Assets/Scripts/HealthBar.cs:20)

2020-01-11 18:36:44.9644 [ERROR] NullReferenceException: Object reference not set to an instance of an object
HealthBar.Update () (at Assets/Scripts/HealthBar.cs:20)

2020-01-11 18:36:44.9814 [ERROR] NullReferenceException: Object reference not set to an instance of an object
HealthBar.Update () (at Assets/Scripts/HealthBar.cs:20)

2020-01-11 18:36:44.9983 [ERROR] NullReferenceException: Object reference not set to an instance of an object
HealthBar.Update () (at Assets/Scripts/HealthBar.cs:20)

2020-01-11 18:36:45.0173 [ERROR] NullReferenceException: Object reference not set to an instance of an object
HealthBar.Update () (at Assets/Scripts/HealthBar.cs:20)

2020-01-11 18:36:45.0452 [ERROR] NullReferenceException: Object reference not set to an instance of an object
HealthBar.Update () (at Assets/Scripts/HealthBar.cs:20)

2020-01-11 18:36:45.0652 [ERROR] NullReferenceException: Object reference not set to an instance of an object
HealthBar.Update () (at Assets/Scripts/HealthBar.cs:20)

2020-01-11 18:36:45.0911 [ERROR] NullReferenceException: Object reference not set to an instance of an object
HealthBar.Update () (at Assets/Scripts/HealthBar.cs:20)

2020-01-11 18:36:45.1110 [ERROR] NullReferenceException: Object reference not set to an instance of an object
HealthBar.Update () (at Assets/Scripts/HealthBar.cs:20)

2020-01-11 18:36:45.1310 [ERROR] NullReferenceException: Object reference not set to an instance of an object
HealthBar.Update () (at Assets/Scripts/HealthBar.cs:20)

2020-01-11 18:36:45.1459 [ERROR] NullReferenceException: Object reference not set to an instance of an object
HealthBar.Update () (at Assets/Scripts/HealthBar.cs:20)

2020-01-11 18:36:45.1659 [ERROR] NullReferenceException: Object reference not set to an instance of an object
HealthBar.Update () (at Assets/Scripts/HealthBar.cs:20)

2020-01-11 18:36:45.1858 [ERROR] NullReferenceException: Object reference not set to an instance of an object
HealthBar.Update () (at Assets/Scripts/HealthBar.cs:20)

2020-01-11 18:36:45.2138 [ERROR] NullReferenceException: Object reference not set to an instance of an object
HealthBar.Update () (at Assets/Scripts/HealthBar.cs:20)

2020-01-11 18:36:45.2357 [ERROR] NullReferenceException: Object reference not set to an instance of an object
HealthBar.Update () (at Assets/Scripts/HealthBar.cs:20)

2020-01-11 18:36:45.2567 [ERROR] NullReferenceException: Object reference not set to an instance of an object
HealthBar.Update () (at Assets/Scripts/HealthBar.cs:20)

2020-01-11 18:36:45.2886 [ERROR] NullReferenceException: Object reference not set to an instance of an object
HealthBar.Update () (at Assets/Scripts/HealthBar.cs:20)

2020-01-11 18:36:45.3095 [ERROR] NullReferenceException: Object reference not set to an instance of an object
HealthBar.Update () (at Assets/Scripts/HealthBar.cs:20)

2020-01-11 18:36:45.3305 [ERROR] NullReferenceException: Object reference not set to an instance of an object
HealthBar.Update () (at Assets/Scripts/HealthBar.cs:20)

2020-01-11 18:36:45.4052 [ERROR] NullReferenceException: Object reference not set to an instance of an object
HealthBar.Update () (at Assets/Scripts/HealthBar.cs:20)

2020-01-11 18:36:45.4422 [ERROR] NullReferenceException: Object reference not set to an instance of an object
HealthBar.Update () (at Assets/Scripts/HealthBar.cs:20)

2020-01-11 18:36:46.8906 [DEBUG] Play mode: False
2020-01-11 18:36:47.0302 [DEBUG] Loading complete
2020-01-11 18:36:47.3131 [DEBUG] Spawn request. (Objects: 6)
2020-01-11 18:36:47.3830 [DEBUG] Disconnecting temporarily to enter play mode.
2020-01-11 18:36:47.3830 [DEBUG] Disconnecting from room (111879:SceneFusion:SceneFusion)
2020-01-11 18:36:47.3889 [INFO] Disconnected from server.
2020-01-11 18:36:47.3889 [DEBUG] Disconnect. (Duration: 1)
2020-01-11 18:36:47.4298 [INFO] Static batching in play mode is not supported in a Scene Fusion session and will be temporarily disabled.
2020-01-11 18:36:52.3235 [DEBUG] Scene Fusion version 1.8.5-1
2020-01-11 18:36:53.0400 [DEBUG] Connecting
2020-01-11 18:36:53.1049 [DEBUG] Connecting to room (111879:SceneFusion:SceneFusion) via TCP at roommanager-ec2-35-164-71-216.kinematicsoup.com:21312
2020-01-11 18:36:53.1129 [DEBUG] Guest connection. (Session: 111879)
2020-01-11 18:36:53.1129 [DEBUG] Play mode: True, sync in play mode: True
2020-01-11 18:36:53.3129 [DEBUG] Validating model...
2020-01-11 18:36:53.5243 [DEBUG] Model updated
2020-01-11 18:36:53.5253 [DEBUG] Authenticating with server...
2020-01-11 18:36:53.7786 [DEBUG] Connected to room. (111879:SceneFusion:SceneFusion)
2020-01-11 18:36:53.8145 [INFO] Connected to server.
2020-01-11 18:36:53.8155 [DEBUG] OS : Microsoft Windows NT 10.0.18362.0
2020-01-11 18:36:53.8155 [DEBUG] Unity Version : 2018.4.13f1
2020-01-11 18:36:53.8155 [DEBUG] Pro License : False
2020-01-11 18:36:53.8155 [DEBUG] Platform : WindowsEditor
2020-01-11 18:36:53.8165 [DEBUG] Build Target : StandaloneWindows64
2020-01-11 18:36:53.8165 [DEBUG] Scene Fusion version : 1.8.5
2020-01-11 18:36:53.8165 [DEBUG] Scene Fusion client build : 1
2020-01-11 18:36:53.8165 [DEBUG] User : tonislavchev2004@gmail.com
2020-01-11 18:36:53.8165 [DEBUG] Waiting for server response
2020-01-11 18:36:53.9901 [DEBUG] Tier: Free, Permissions: 00000200
2020-01-11 18:36:53.9901 [DEBUG] User Permissions: FFFFFFFF
2020-01-11 18:36:54.2703 [DEBUG] No stand-in for UnityEngine.LocalizationAsset
2020-01-11 18:36:54.2713 [DEBUG] No stand-in for UnityEngine.ProceduralMaterial
2020-01-11 18:36:54.2713 [DEBUG] No stand-in for UnityEngine.ProceduralTexture
2020-01-11 18:36:54.2713 [DEBUG] No stand-in for UnityEngine.TerrainLayer
2020-01-11 18:36:54.2713 [DEBUG] No stand-in for UnityEngine.Experimental.VFX.VisualEffectAsset
2020-01-11 18:36:54.7032 [DEBUG] Loading complete
2020-01-11 18:37:06.4415 [DEBUG] Sync in play mode: False
2020-01-11 18:37:10.0331 [DEBUG] Play mode: False
2020-01-11 18:37:10.1139 [DEBUG] Loading complete
2020-01-11 18:39:24.1785 [DEBUG] Disconnecting temporarily to enter play mode.
2020-01-11 18:39:24.1795 [DEBUG] Disconnecting from room (111879:SceneFusion:SceneFusion)
2020-01-11 18:39:24.1835 [INFO] Disconnected from server.
2020-01-11 18:39:24.1855 [DEBUG] Disconnect. (Duration: 134)
2020-01-11 18:39:24.2224 [INFO] Static batching in play mode is not supported in a Scene Fusion session and will be temporarily disabled.
2020-01-11 18:39:29.6724 [DEBUG] Scene Fusion version 1.8.5-1
2020-01-11 18:39:29.9137 [DEBUG] Play mode: True, sync in play mode: False
2020-01-11 18:39:30.3003 [DEBUG] Connecting to room (111879:SceneFusion:SceneFusion) via TCP at roommanager-ec2-35-164-71-216.kinematicsoup.com:21312
2020-01-11 18:39:30.3502 [DEBUG] Guest connection. (Session: 111879)
2020-01-11 18:39:30.5552 [DEBUG] Validating model...
2020-01-11 18:39:30.7752 [DEBUG] Model updated
2020-01-11 18:39:30.7762 [DEBUG] Authenticating with server...
2020-01-11 18:39:31.1073 [DEBUG] Connected to room. (111879:SceneFusion:SceneFusion)
2020-01-11 18:39:31.1293 [INFO] Connected to server.
2020-01-11 18:39:31.1313 [DEBUG] OS : Microsoft Windows NT 10.0.18362.0
2020-01-11 18:39:31.1313 [DEBUG] Unity Version : 2018.4.13f1
2020-01-11 18:39:31.1322 [DEBUG] Pro License : False
2020-01-11 18:39:31.1332 [DEBUG] Platform : WindowsEditor
2020-01-11 18:39:31.1332 [DEBUG] Build Target : StandaloneWindows64
2020-01-11 18:39:31.1332 [DEBUG] Scene Fusion version : 1.8.5
2020-01-11 18:39:31.1332 [DEBUG] Scene Fusion client build : 1
2020-01-11 18:39:31.1342 [DEBUG] User : tonislavchev2004@gmail.com
2020-01-11 18:39:31.3417 [DEBUG] Tier: Free, Permissions: 00000200
2020-01-11 18:39:31.3417 [DEBUG] User Permissions: FFFFFFFF
2020-01-11 18:39:31.4983 [DEBUG] No stand-in for UnityEngine.LocalizationAsset
2020-01-11 18:39:31.4983 [DEBUG] No stand-in for UnityEngine.ProceduralMaterial
2020-01-11 18:39:31.4983 [DEBUG] No stand-in for UnityEngine.ProceduralTexture
2020-01-11 18:39:31.4983 [DEBUG] No stand-in for UnityEngine.TerrainLayer
2020-01-11 18:39:31.4993 [DEBUG] No stand-in for UnityEngine.Experimental.VFX.VisualEffectAsset
2020-01-11 18:39:56.4489 [DEBUG] Play mode: False
2020-01-11 18:39:56.7302 [DEBUG] Loading complete
2020-01-11 18:41:28.8449 [DEBUG] Disconnecting temporarily to enter play mode.
2020-01-11 18:41:28.8449 [DEBUG] Disconnecting from room (111879:SceneFusion:SceneFusion)
2020-01-11 18:41:28.8489 [INFO] Disconnected from server.
2020-01-11 18:41:28.8499 [DEBUG] Disconnect. (Duration: 93)
2020-01-11 18:41:28.8988 [INFO] Static batching in play mode is not supported in a Scene Fusion session and will be temporarily disabled.
2020-01-11 18:41:35.6286 [DEBUG] Scene Fusion version 1.8.5-1
2020-01-11 18:41:35.8869 [DEBUG] Play mode: True, sync in play mode: False
2020-01-11 18:41:36.2690 [DEBUG] Connecting to room (111879:SceneFusion:SceneFusion) via TCP at roommanager-ec2-35-164-71-216.kinematicsoup.com:21312
2020-01-11 18:41:36.2779 [DEBUG] Guest connection. (Session: 111879)
2020-01-11 18:41:36.4794 [DEBUG] Validating model...
2020-01-11 18:41:36.6834 [DEBUG] Model updated
2020-01-11 18:41:36.6844 [DEBUG] Authenticating with server...
2020-01-11 18:41:37.0117 [DEBUG] Connected to room. (111879:SceneFusion:SceneFusion)
2020-01-11 18:41:37.0237 [INFO] Connected to server.
2020-01-11 18:41:37.0257 [DEBUG] OS : Microsoft Windows NT 10.0.18362.0
2020-01-11 18:41:37.0257 [DEBUG] Unity Version : 2018.4.13f1
2020-01-11 18:41:37.0267 [DEBUG] Pro License : False
2020-01-11 18:41:37.0267 [DEBUG] Platform : WindowsEditor
2020-01-11 18:41:37.0267 [DEBUG] Build Target : StandaloneWindows64
2020-01-11 18:41:37.0267 [DEBUG] Scene Fusion version : 1.8.5
2020-01-11 18:41:37.0267 [DEBUG] Scene Fusion client build : 1
2020-01-11 18:41:37.0277 [DEBUG] User : tonislavchev2004@gmail.com
2020-01-11 18:41:37.2770 [DEBUG] Tier: Free, Permissions: 00000200
2020-01-11 18:41:37.2770 [DEBUG] User Permissions: FFFFFFFF
2020-01-11 18:41:37.4376 [DEBUG] No stand-in for UnityEngine.LocalizationAsset
2020-01-11 18:41:37.4376 [DEBUG] No stand-in for UnityEngine.ProceduralMaterial
2020-01-11 18:41:37.4376 [DEBUG] No stand-in for UnityEngine.ProceduralTexture
2020-01-11 18:41:37.4376 [DEBUG] No stand-in for UnityEngine.TerrainLayer
2020-01-11 18:41:37.4376 [DEBUG] No stand-in for UnityEngine.Experimental.VFX.VisualEffectAsset
2020-01-11 18:41:41.1342 [DEBUG] Play mode: False
2020-01-11 18:41:41.4118 [DEBUG] Loading complete
2020-01-11 18:45:09.6846 [DEBUG] Disconnecting from room (111879:SceneFusion:SceneFusion)
2020-01-11 18:45:11.5817 [INFO] Disconnected from server.
2020-01-11 18:45:11.5817 [DEBUG] Disconnect. (Duration: 209)
